This file contains any messages produced by compilers while
running configure, to aid debugging if configure makes a mistake.

It was created by xotclsdbm configure 1.2, which was
generated by GNU Autoconf 2.61.  Invocation command line was

  $ ./configure --with-tcl=/usr/local/src/tcl8.5.8/unix/ --with-xotclsh --enable-symbols --with-all --prefix=/usr/local/ns --with-xotcl=/Users/neumann/src/xotcl-2.0.0

## --------- ##
## Platform. ##
## --------- ##

hostname = imac.lan
uname -m = i386
uname -r = 10.2.0
uname -s = Darwin
uname -v = Darwin Kernel Version 10.2.0: Tue Nov  3 23:08:29 PST 2009; root:xnu-1486.2.11~3/RELEASE_I386

/usr/bin/uname -p = i386
/bin/uname -X     = unknown

/bin/arch              = unknown
/usr/bin/arch -k       = unknown
/usr/convex/getsysinfo = unknown
/usr/bin/hostinfo      = Mach kernel version:
	 Darwin Kernel Version 10.2.0: Tue Nov  3 23:08:29 PST 2009; root:xnu-1486.2.11~3/RELEASE_I386
Kernel configured for up to 2 processors.
2 processors are physically available.
2 processors are logically available.
Processor type: i486 (Intel 80486)
Processors active: 0 1
Primary memory available: 8.00 gigabytes
Default processor set: 107 tasks, 497 threads, 2 processors
Load average: 1.25, Mach factor: 0.91
/bin/machine           = unknown
/usr/bin/oslevel       = unknown
/bin/universe          = unknown

PATH: /Library/Frameworks/Python.framework/Versions/Current/bin
PATH: /opt/local/bin
PATH: /opt/local/sbin
PATH: /sw/bin
PATH: /sw/sbin
PATH: /usr/bin
PATH: /bin
PATH: /usr/sbin
PATH: /sbin
PATH: /usr/local/bin
PATH: /usr/X11/bin
PATH: /usr/X11R6/bin


## ----------- ##
## Core tests. ##
## ----------- ##

configure:1773: checking for correct TEA configuration
configure:1792: result: ok (TEA 3.7)
configure:1945: checking for Tcl configuration
configure:2071: result: found /usr/local/src/tcl8.5.8/unix/tclConfig.sh
configure:2077: checking for existence of /usr/local/src/tcl8.5.8/unix/tclConfig.sh
configure:2081: result: loading
configure:2240: --exec-prefix defaulting to TCL_EXEC_PREFIX /usr/local/ns
configure:2316: checking for gcc
configure:2332: found /usr/bin/gcc
configure:2343: result: gcc
configure:2581: checking for C compiler version
configure:2588: gcc --version >&5
i686-apple-darwin10-gcc-4.2.1 (GCC) 4.2.1 (Apple Inc. build 5646) (dot 1)
Copyright (C) 2007 Free Software Foundation, Inc.
This is free software; see the source for copying conditions.  There is NO
warranty; not even for MERCHANTABILITY or FITNESS FOR A PARTICULAR PURPOSE.

configure:2591: $? = 0
configure:2598: gcc -v >&5
Using built-in specs.
Target: i686-apple-darwin10
Configured with: /var/tmp/gcc/gcc-5646.1~2/src/configure --disable-checking --enable-werror --prefix=/usr --mandir=/share/man --enable-languages=c,objc,c++,obj-c++ --program-transform-name=/^[cg][^.-]*$/s/$/-4.2/ --with-slibdir=/usr/lib --build=i686-apple-darwin10 --with-gxx-include-dir=/include/c++/4.2.1 --program-prefix=i686-apple-darwin10- --host=x86_64-apple-darwin10 --target=i686-apple-darwin10
Thread model: posix
gcc version 4.2.1 (Apple Inc. build 5646) (dot 1)
configure:2601: $? = 0
configure:2608: gcc -V >&5
gcc-4.2: argument to `-V' is missing
configure:2611: $? = 1
configure:2634: checking for C compiler default output file name
configure:2661: gcc    conftest.c  >&5
configure:2664: $? = 0
configure:2702: result: a.out
configure:2719: checking whether the C compiler works
configure:2729: ./a.out
configure:2732: $? = 0
configure:2749: result: yes
configure:2756: checking whether we are cross compiling
configure:2758: result: no
configure:2761: checking for suffix of executables
configure:2768: gcc -o conftest    conftest.c  >&5
configure:2771: $? = 0
configure:2795: result: 
configure:2801: checking for suffix of object files
configure:2827: gcc -c   conftest.c >&5
configure:2830: $? = 0
configure:2853: result: o
configure:2857: checking whether we are using the GNU C compiler
configure:2886: gcc -c   conftest.c >&5
configure:2892: $? = 0
configure:2909: result: yes
configure:2914: checking whether gcc accepts -g
configure:2944: gcc -c -g  conftest.c >&5
configure:2950: $? = 0
configure:3049: result: yes
configure:3066: checking for gcc option to accept ISO C89
configure:3140: gcc  -c   conftest.c >&5
configure:3146: $? = 0
configure:3169: result: none needed
configure:3192: checking how to run the C preprocessor
configure:3232: gcc -E  conftest.c
configure:3238: $? = 0
configure:3269: gcc -E  conftest.c
conftest.c:8:28: error: ac_nonexistent.h: No such file or directory
configure:3275: $? = 1
configure: failed program was:
| /* confdefs.h.  */
| #define PACKAGE_NAME "xotclsdbm"
| #define PACKAGE_TARNAME "xotclsdbm"
| #define PACKAGE_VERSION "1.2"
| #define PACKAGE_STRING "xotclsdbm 1.2"
| #define PACKAGE_BUGREPORT ""
| /* end confdefs.h.  */
| #include <ac_nonexistent.h>
configure:3308: result: gcc -E
configure:3337: gcc -E  conftest.c
configure:3343: $? = 0
configure:3374: gcc -E  conftest.c
conftest.c:8:28: error: ac_nonexistent.h: No such file or directory
configure:3380: $? = 1
configure: failed program was:
| /* confdefs.h.  */
| #define PACKAGE_NAME "xotclsdbm"
| #define PACKAGE_TARNAME "xotclsdbm"
| #define PACKAGE_VERSION "1.2"
| #define PACKAGE_STRING "xotclsdbm 1.2"
| #define PACKAGE_BUGREPORT ""
| /* end confdefs.h.  */
| #include <ac_nonexistent.h>
configure:3431: checking for a BSD-compatible install
configure:3487: result: /usr/bin/install -c
configure:3503: checking whether make sets $(MAKE)
configure:3524: result: yes
configure:3581: checking for ranlib
configure:3597: found /usr/bin/ranlib
configure:3608: result: ranlib
configure:3644: checking for grep that handles long lines and -e
configure:3718: result: /usr/bin/grep
configure:3723: checking for egrep
configure:3801: result: /usr/bin/grep -E
configure:3806: checking for ANSI C header files
configure:3836: gcc -c   conftest.c >&5
configure:3842: $? = 0
configure:3941: gcc -o conftest    conftest.c  >&5
configure:3944: $? = 0
configure:3950: ./conftest
configure:3953: $? = 0
configure:3970: result: yes
configure:3994: checking for sys/types.h
configure:4015: gcc -c   conftest.c >&5
configure:4021: $? = 0
configure:4037: result: yes
configure:3994: checking for sys/stat.h
configure:4015: gcc -c   conftest.c >&5
configure:4021: $? = 0
configure:4037: result: yes
configure:3994: checking for stdlib.h
configure:4015: gcc -c   conftest.c >&5
configure:4021: $? = 0
configure:4037: result: yes
configure:3994: checking for string.h
configure:4015: gcc -c   conftest.c >&5
configure:4021: $? = 0
configure:4037: result: yes
configure:3994: checking for memory.h
configure:4015: gcc -c   conftest.c >&5
configure:4021: $? = 0
configure:4037: result: yes
configure:3994: checking for strings.h
configure:4015: gcc -c   conftest.c >&5
configure:4021: $? = 0
configure:4037: result: yes
configure:3994: checking for inttypes.h
configure:4015: gcc -c   conftest.c >&5
configure:4021: $? = 0
configure:4037: result: yes
configure:3994: checking for stdint.h
configure:4015: gcc -c   conftest.c >&5
configure:4021: $? = 0
configure:4037: result: yes
configure:3994: checking for unistd.h
configure:4015: gcc -c   conftest.c >&5
configure:4021: $? = 0
configure:4037: result: yes
configure:4059: checking if the compiler understands -pipe
configure:4087: gcc -c  -pipe  conftest.c >&5
configure:4093: $? = 0
configure:4109: result: yes
configure:4120: checking whether byte ordering is bigendian
configure:4153: gcc -c  -pipe  conftest.c >&5
configure:4159: $? = 0
configure:4191: gcc -c  -pipe  conftest.c >&5
conftest.c: In function 'main':
conftest.c:25: error: 'not' undeclared (first use in this function)
conftest.c:25: error: (Each undeclared identifier is reported only once
conftest.c:25: error: for each function it appears in.)
conftest.c:25: error: expected ';' before 'big'
configure:4197: $? = 1
configure: failed program was:
| /* confdefs.h.  */
| #define PACKAGE_NAME "xotclsdbm"
| #define PACKAGE_TARNAME "xotclsdbm"
| #define PACKAGE_VERSION "1.2"
| #define PACKAGE_STRING "xotclsdbm 1.2"
| #define PACKAGE_BUGREPORT ""
| #define STDC_HEADERS 1
| #define HAVE_SYS_TYPES_H 1
| #define HAVE_SYS_STAT_H 1
| #define HAVE_STDLIB_H 1
| #define HAVE_STRING_H 1
| #define HAVE_MEMORY_H 1
| #define HAVE_STRINGS_H 1
| #define HAVE_INTTYPES_H 1
| #define HAVE_STDINT_H 1
| #define HAVE_UNISTD_H 1
| /* end confdefs.h.  */
| #include <sys/types.h>
| #include <sys/param.h>
| 
| int
| main ()
| {
| #if BYTE_ORDER != BIG_ENDIAN
|  not big endian
| #endif
| 
|   ;
|   return 0;
| }
configure:4337: result: no
configure:4365: checking for sin
configure:4421: gcc -o conftest  -pipe   conftest.c  >&5
conftest.c:41: warning: conflicting types for built-in function 'sin'
configure:4427: $? = 0
configure:4444: result: yes
configure:4452: checking for main in -lieee
configure:4481: gcc -o conftest  -pipe   conftest.c -lieee   >&5
ld: library not found for -lieee
collect2: ld returned 1 exit status
configure:4487: $? = 1
configure: failed program was:
| /* confdefs.h.  */
| #define PACKAGE_NAME "xotclsdbm"
| #define PACKAGE_TARNAME "xotclsdbm"
| #define PACKAGE_VERSION "1.2"
| #define PACKAGE_STRING "xotclsdbm 1.2"
| #define PACKAGE_BUGREPORT ""
| #define STDC_HEADERS 1
| #define HAVE_SYS_TYPES_H 1
| #define HAVE_SYS_STAT_H 1
| #define HAVE_STDLIB_H 1
| #define HAVE_STRING_H 1
| #define HAVE_MEMORY_H 1
| #define HAVE_STRINGS_H 1
| #define HAVE_INTTYPES_H 1
| #define HAVE_STDINT_H 1
| #define HAVE_UNISTD_H 1
| /* end confdefs.h.  */
| 
| 
| int
| main ()
| {
| return main ();
|   ;
|   return 0;
| }
configure:4505: result: no
configure:4517: checking for main in -linet
configure:4546: gcc -o conftest  -pipe   conftest.c -linet   >&5
ld: library not found for -linet
collect2: ld returned 1 exit status
configure:4552: $? = 1
configure: failed program was:
| /* confdefs.h.  */
| #define PACKAGE_NAME "xotclsdbm"
| #define PACKAGE_TARNAME "xotclsdbm"
| #define PACKAGE_VERSION "1.2"
| #define PACKAGE_STRING "xotclsdbm 1.2"
| #define PACKAGE_BUGREPORT ""
| #define STDC_HEADERS 1
| #define HAVE_SYS_TYPES_H 1
| #define HAVE_SYS_STAT_H 1
| #define HAVE_STDLIB_H 1
| #define HAVE_STRING_H 1
| #define HAVE_MEMORY_H 1
| #define HAVE_STRINGS_H 1
| #define HAVE_INTTYPES_H 1
| #define HAVE_STDINT_H 1
| #define HAVE_UNISTD_H 1
| /* end confdefs.h.  */
| 
| 
| int
| main ()
| {
| return main ();
|   ;
|   return 0;
| }
configure:4570: result: no
configure:4586: checking net/errno.h usability
configure:4603: gcc -c  -pipe  conftest.c >&5
conftest.c:51:23: error: net/errno.h: No such file or directory
configure:4609: $? = 1
configure: failed program was:
| /* confdefs.h.  */
| #define PACKAGE_NAME "xotclsdbm"
| #define PACKAGE_TARNAME "xotclsdbm"
| #define PACKAGE_VERSION "1.2"
| #define PACKAGE_STRING "xotclsdbm 1.2"
| #define PACKAGE_BUGREPORT ""
| #define STDC_HEADERS 1
| #define HAVE_SYS_TYPES_H 1
| #define HAVE_SYS_STAT_H 1
| #define HAVE_STDLIB_H 1
| #define HAVE_STRING_H 1
| #define HAVE_MEMORY_H 1
| #define HAVE_STRINGS_H 1
| #define HAVE_INTTYPES_H 1
| #define HAVE_STDINT_H 1
| #define HAVE_UNISTD_H 1
| /* end confdefs.h.  */
| #include <stdio.h>
| #ifdef HAVE_SYS_TYPES_H
| # include <sys/types.h>
| #endif
| #ifdef HAVE_SYS_STAT_H
| # include <sys/stat.h>
| #endif
| #ifdef STDC_HEADERS
| # include <stdlib.h>
| # include <stddef.h>
| #else
| # ifdef HAVE_STDLIB_H
| #  include <stdlib.h>
| # endif
| #endif
| #ifdef HAVE_STRING_H
| # if !defined STDC_HEADERS && defined HAVE_MEMORY_H
| #  include <memory.h>
| # endif
| # include <string.h>
| #endif
| #ifdef HAVE_STRINGS_H
| # include <strings.h>
| #endif
| #ifdef HAVE_INTTYPES_H
| # include <inttypes.h>
| #endif
| #ifdef HAVE_STDINT_H
| # include <stdint.h>
| #endif
| #ifdef HAVE_UNISTD_H
| # include <unistd.h>
| #endif
| #include <net/errno.h>
configure:4623: result: no
configure:4627: checking net/errno.h presence
configure:4642: gcc -E  conftest.c
conftest.c:18:23: error: net/errno.h: No such file or directory
configure:4648: $? = 1
configure: failed program was:
| /* confdefs.h.  */
| #define PACKAGE_NAME "xotclsdbm"
| #define PACKAGE_TARNAME "xotclsdbm"
| #define PACKAGE_VERSION "1.2"
| #define PACKAGE_STRING "xotclsdbm 1.2"
| #define PACKAGE_BUGREPORT ""
| #define STDC_HEADERS 1
| #define HAVE_SYS_TYPES_H 1
| #define HAVE_SYS_STAT_H 1
| #define HAVE_STDLIB_H 1
| #define HAVE_STRING_H 1
| #define HAVE_MEMORY_H 1
| #define HAVE_STRINGS_H 1
| #define HAVE_INTTYPES_H 1
| #define HAVE_STDINT_H 1
| #define HAVE_UNISTD_H 1
| /* end confdefs.h.  */
| #include <net/errno.h>
configure:4662: result: no
configure:4690: checking for net/errno.h
configure:4697: result: no
configure:4731: checking for connect
configure:4787: gcc -o conftest  -pipe   conftest.c  >&5
configure:4793: $? = 0
configure:4810: result: yes
configure:5064: checking for gethostbyname
configure:5120: gcc -o conftest  -pipe   conftest.c  >&5
configure:5126: $? = 0
configure:5143: result: yes
configure:5224: checking dirent.h
configure:5270: gcc -o conftest  -pipe   conftest.c  >&5
configure:5276: $? = 0
configure:5293: result: yes
configure:5315: checking errno.h usability
configure:5332: gcc -c  -pipe  conftest.c >&5
configure:5338: $? = 0
configure:5352: result: yes
configure:5356: checking errno.h presence
configure:5371: gcc -E  conftest.c
configure:5377: $? = 0
configure:5391: result: yes
configure:5419: checking for errno.h
configure:5426: result: yes
configure:5451: checking float.h usability
configure:5468: gcc -c  -pipe  conftest.c >&5
configure:5474: $? = 0
configure:5488: result: yes
configure:5492: checking float.h presence
configure:5507: gcc -E  conftest.c
configure:5513: $? = 0
configure:5527: result: yes
configure:5555: checking for float.h
configure:5562: result: yes
configure:5587: checking values.h usability
configure:5604: gcc -c  -pipe  conftest.c >&5
conftest.c:51:20: error: values.h: No such file or directory
configure:5610: $? = 1
configure: failed program was:
| /* confdefs.h.  */
| #define PACKAGE_NAME "xotclsdbm"
| #define PACKAGE_TARNAME "xotclsdbm"
| #define PACKAGE_VERSION "1.2"
| #define PACKAGE_STRING "xotclsdbm 1.2"
| #define PACKAGE_BUGREPORT ""
| #define STDC_HEADERS 1
| #define HAVE_SYS_TYPES_H 1
| #define HAVE_SYS_STAT_H 1
| #define HAVE_STDLIB_H 1
| #define HAVE_STRING_H 1
| #define HAVE_MEMORY_H 1
| #define HAVE_STRINGS_H 1
| #define HAVE_INTTYPES_H 1
| #define HAVE_STDINT_H 1
| #define HAVE_UNISTD_H 1
| /* end confdefs.h.  */
| #include <stdio.h>
| #ifdef HAVE_SYS_TYPES_H
| # include <sys/types.h>
| #endif
| #ifdef HAVE_SYS_STAT_H
| # include <sys/stat.h>
| #endif
| #ifdef STDC_HEADERS
| # include <stdlib.h>
| # include <stddef.h>
| #else
| # ifdef HAVE_STDLIB_H
| #  include <stdlib.h>
| # endif
| #endif
| #ifdef HAVE_STRING_H
| # if !defined STDC_HEADERS && defined HAVE_MEMORY_H
| #  include <memory.h>
| # endif
| # include <string.h>
| #endif
| #ifdef HAVE_STRINGS_H
| # include <strings.h>
| #endif
| #ifdef HAVE_INTTYPES_H
| # include <inttypes.h>
| #endif
| #ifdef HAVE_STDINT_H
| # include <stdint.h>
| #endif
| #ifdef HAVE_UNISTD_H
| # include <unistd.h>
| #endif
| #include <values.h>
configure:5624: result: no
configure:5628: checking values.h presence
configure:5643: gcc -E  conftest.c
conftest.c:18:20: error: values.h: No such file or directory
configure:5649: $? = 1
configure: failed program was:
| /* confdefs.h.  */
| #define PACKAGE_NAME "xotclsdbm"
| #define PACKAGE_TARNAME "xotclsdbm"
| #define PACKAGE_VERSION "1.2"
| #define PACKAGE_STRING "xotclsdbm 1.2"
| #define PACKAGE_BUGREPORT ""
| #define STDC_HEADERS 1
| #define HAVE_SYS_TYPES_H 1
| #define HAVE_SYS_STAT_H 1
| #define HAVE_STDLIB_H 1
| #define HAVE_STRING_H 1
| #define HAVE_MEMORY_H 1
| #define HAVE_STRINGS_H 1
| #define HAVE_INTTYPES_H 1
| #define HAVE_STDINT_H 1
| #define HAVE_UNISTD_H 1
| /* end confdefs.h.  */
| #include <values.h>
configure:5663: result: no
configure:5691: checking for values.h
configure:5698: result: no
configure:5723: checking limits.h usability
configure:5740: gcc -c  -pipe  conftest.c >&5
configure:5746: $? = 0
configure:5760: result: yes
configure:5764: checking limits.h presence
configure:5779: gcc -E  conftest.c
configure:5785: $? = 0
configure:5799: result: yes
configure:5827: checking for limits.h
configure:5834: result: yes
configure:5854: checking for stdlib.h
configure:5859: result: yes
configure:6044: checking for string.h
configure:6049: result: yes
configure:6231: checking sys/wait.h usability
configure:6248: gcc -c  -pipe  conftest.c >&5
configure:6254: $? = 0
configure:6268: result: yes
configure:6272: checking sys/wait.h presence
configure:6287: gcc -E  conftest.c
configure:6293: $? = 0
configure:6307: result: yes
configure:6335: checking for sys/wait.h
configure:6342: result: yes
configure:6367: checking dlfcn.h usability
configure:6384: gcc -c  -pipe  conftest.c >&5
configure:6390: $? = 0
configure:6404: result: yes
configure:6408: checking dlfcn.h presence
configure:6423: gcc -E  conftest.c
configure:6429: $? = 0
configure:6443: result: yes
configure:6471: checking for dlfcn.h
configure:6478: result: yes
configure:6510: checking sys/param.h usability
configure:6527: gcc -c  -pipe  conftest.c >&5
configure:6533: $? = 0
configure:6547: result: yes
configure:6551: checking sys/param.h presence
configure:6566: gcc -E  conftest.c
configure:6572: $? = 0
configure:6586: result: yes
configure:6614: checking for sys/param.h
configure:6622: result: yes
configure:6647: Reading file /Users/neumann/src/xotcl-2.0.0/xotclConfig.sh
configure:6810: checking for Tcl public headers
configure:6885: result: /usr/local/src/tcl8.5.8/generic
configure:6953: checking for pthread_mutex_init in -lpthread
configure:6988: gcc -o conftest  -pipe   conftest.c -lpthread   >&5
configure:6994: $? = 0
configure:7012: result: yes
configure:7321: checking for building with threads
configure:7329: result: yes (default)
configure:7370: checking how to build libraries
configure:7388: result: shared
configure:7415: checking if 64bit support is requested
configure:7424: result: no
configure:7429: checking if 64bit Sparc VIS support is requested
configure:7438: result: no
configure:7449: checking if compiler supports visibility "hidden"
configure:7479: gcc -o conftest  -pipe -Werror   conftest.c  >&5
configure:7485: $? = 0
configure:7503: result: yes
configure:7518: checking if rpath support is requested
configure:7527: result: yes
configure:7553: checking system version
configure:7584: result: Darwin-10.2.0
configure:7592: checking for dlopen in -ldl
configure:7627: gcc -o conftest  -pipe   conftest.c -ldl   >&5
configure:7633: $? = 0
configure:7651: result: yes
configure:7697: checking for ar
configure:7713: found /usr/bin/ar
configure:7724: result: ar
configure:9224: checking if ld accepts -single_module flag
configure:9253: gcc -o conftest -pipe     -dynamiclib -Wl,-single_module conftest.c  >&5
configure:9259: $? = 0
configure:9277: result: yes
configure:9300: checking if ld accepts -search_paths_first flag
configure:9329: gcc -o conftest -pipe     -prebind -headerpad_max_install_names -Wl,-search_paths_first conftest.c  >&5
configure:9335: $? = 0
configure:9353: result: yes
configure:10055: checking for required early compiler flags
configure:10083: gcc -c -pipe    conftest.c >&5
configure:10089: $? = 0
configure:10180: gcc -c -pipe    conftest.c >&5
conftest.c: In function 'main':
conftest.c:30: warning: 'stat64' is deprecated (declared at /usr/include/sys/stat.h:465)
configure:10186: $? = 0
configure:10277: gcc -c -pipe    conftest.c >&5
conftest.c: In function 'main':
conftest.c:30: error: 'open64' undeclared (first use in this function)
conftest.c:30: error: (Each undeclared identifier is reported only once
conftest.c:30: error: for each function it appears in.)
configure:10283: $? = 1
configure: failed program was:
| /* confdefs.h.  */
| #define PACKAGE_NAME "xotclsdbm"
| #define PACKAGE_TARNAME "xotclsdbm"
| #define PACKAGE_VERSION "1.2"
| #define PACKAGE_STRING "xotclsdbm 1.2"
| #define PACKAGE_BUGREPORT ""
| #define STDC_HEADERS 1
| #define HAVE_SYS_TYPES_H 1
| #define HAVE_SYS_STAT_H 1
| #define HAVE_STDLIB_H 1
| #define HAVE_STRING_H 1
| #define HAVE_MEMORY_H 1
| #define HAVE_STRINGS_H 1
| #define HAVE_INTTYPES_H 1
| #define HAVE_STDINT_H 1
| #define HAVE_UNISTD_H 1
| #define NO_VALUES_H 1
| #define HAVE_LIMITS_H 1
| #define HAVE_SYS_PARAM_H 1
| #define USE_THREAD_ALLOC 1
| #define _REENTRANT 1
| #define _THREAD_SAFE 1
| #define TCL_THREADS 1
| #define MODULE_SCOPE extern __attribute__((__visibility__("hidden")))
| /* end confdefs.h.  */
| #include <sys/stat.h>
| int
| main ()
| {
| char *p = (char *)open64;
|   ;
|   return 0;
| }
configure:10315: gcc -c -pipe    conftest.c >&5
conftest.c: In function 'main':
conftest.c:31: error: 'open64' undeclared (first use in this function)
conftest.c:31: error: (Each undeclared identifier is reported only once
conftest.c:31: error: for each function it appears in.)
configure:10321: $? = 1
configure: failed program was:
| /* confdefs.h.  */
| #define PACKAGE_NAME "xotclsdbm"
| #define PACKAGE_TARNAME "xotclsdbm"
| #define PACKAGE_VERSION "1.2"
| #define PACKAGE_STRING "xotclsdbm 1.2"
| #define PACKAGE_BUGREPORT ""
| #define STDC_HEADERS 1
| #define HAVE_SYS_TYPES_H 1
| #define HAVE_SYS_STAT_H 1
| #define HAVE_STDLIB_H 1
| #define HAVE_STRING_H 1
| #define HAVE_MEMORY_H 1
| #define HAVE_STRINGS_H 1
| #define HAVE_INTTYPES_H 1
| #define HAVE_STDINT_H 1
| #define HAVE_UNISTD_H 1
| #define NO_VALUES_H 1
| #define HAVE_LIMITS_H 1
| #define HAVE_SYS_PARAM_H 1
| #define USE_THREAD_ALLOC 1
| #define _REENTRANT 1
| #define _THREAD_SAFE 1
| #define TCL_THREADS 1
| #define MODULE_SCOPE extern __attribute__((__visibility__("hidden")))
| /* end confdefs.h.  */
| #define _LARGEFILE_SOURCE64 1
| #include <sys/stat.h>
| int
| main ()
| {
| char *p = (char *)open64;
|   ;
|   return 0;
| }
configure:10350: result: none
configure:10358: checking for 64-bit integer type
configure:10387: gcc -c -pipe    conftest.c >&5
conftest.c: In function 'main':
conftest.c:30: error: '__int64' undeclared (first use in this function)
conftest.c:30: error: (Each undeclared identifier is reported only once
conftest.c:30: error: for each function it appears in.)
conftest.c:30: error: expected ';' before 'value'
configure:10393: $? = 1
configure: failed program was:
| /* confdefs.h.  */
| #define PACKAGE_NAME "xotclsdbm"
| #define PACKAGE_TARNAME "xotclsdbm"
| #define PACKAGE_VERSION "1.2"
| #define PACKAGE_STRING "xotclsdbm 1.2"
| #define PACKAGE_BUGREPORT ""
| #define STDC_HEADERS 1
| #define HAVE_SYS_TYPES_H 1
| #define HAVE_SYS_STAT_H 1
| #define HAVE_STDLIB_H 1
| #define HAVE_STRING_H 1
| #define HAVE_MEMORY_H 1
| #define HAVE_STRINGS_H 1
| #define HAVE_INTTYPES_H 1
| #define HAVE_STDINT_H 1
| #define HAVE_UNISTD_H 1
| #define NO_VALUES_H 1
| #define HAVE_LIMITS_H 1
| #define HAVE_SYS_PARAM_H 1
| #define USE_THREAD_ALLOC 1
| #define _REENTRANT 1
| #define _THREAD_SAFE 1
| #define TCL_THREADS 1
| #define MODULE_SCOPE extern __attribute__((__visibility__("hidden")))
| /* end confdefs.h.  */
| 
| int
| main ()
| {
| __int64 value = (__int64) 0;
|   ;
|   return 0;
| }
configure:10433: gcc -c -pipe    conftest.c >&5
conftest.c: In function 'main':
conftest.c:31: error: duplicate case value
conftest.c:31: error: previously used here
configure:10439: $? = 1
configure: failed program was:
| /* confdefs.h.  */
| #define PACKAGE_NAME "xotclsdbm"
| #define PACKAGE_TARNAME "xotclsdbm"
| #define PACKAGE_VERSION "1.2"
| #define PACKAGE_STRING "xotclsdbm 1.2"
| #define PACKAGE_BUGREPORT ""
| #define STDC_HEADERS 1
| #define HAVE_SYS_TYPES_H 1
| #define HAVE_SYS_STAT_H 1
| #define HAVE_STDLIB_H 1
| #define HAVE_STRING_H 1
| #define HAVE_MEMORY_H 1
| #define HAVE_STRINGS_H 1
| #define HAVE_INTTYPES_H 1
| #define HAVE_STDINT_H 1
| #define HAVE_UNISTD_H 1
| #define NO_VALUES_H 1
| #define HAVE_LIMITS_H 1
| #define HAVE_SYS_PARAM_H 1
| #define USE_THREAD_ALLOC 1
| #define _REENTRANT 1
| #define _THREAD_SAFE 1
| #define TCL_THREADS 1
| #define MODULE_SCOPE extern __attribute__((__visibility__("hidden")))
| /* end confdefs.h.  */
| 
| int
| main ()
| {
| switch (0) {
|             case 1: case (sizeof(long long)==sizeof(long)): ;
|         }
|   ;
|   return 0;
| }
configure:10461: result: using long
configure:10766: checking for build with symbols
configure:10785: result: yes (standard debugging)
configure:10918: checking for tclsh
configure:10945: result: /usr/local/src/tcl8.5.8/unix/tclsh
configure:11090: creating ./config.status

## ---------------------- ##
## Running config.status. ##
## ---------------------- ##

This file was extended by xotclsdbm config.status 1.2, which was
generated by GNU Autoconf 2.61.  Invocation command line was

  CONFIG_FILES    = 
  CONFIG_HEADERS  = 
  CONFIG_LINKS    = 
  CONFIG_COMMANDS = 
  $ ./config.status 

on imac.lan

config.status:634: creating Makefile
config.status:769: WARNING:  Makefile.in seems to ignore the --datarootdir setting

## ---------------- ##
## Cache variables. ##
## ---------------- ##

ac_cv_c_bigendian=no
ac_cv_c_compiler_gnu=yes
ac_cv_c_tclconfig=/usr/local/src/tcl8.5.8/unix
ac_cv_c_tclh=/usr/local/src/tcl8.5.8/generic
ac_cv_env_CC_set=
ac_cv_env_CC_value=
ac_cv_env_CFLAGS_set=
ac_cv_env_CFLAGS_value=
ac_cv_env_CPPFLAGS_set=
ac_cv_env_CPPFLAGS_value=
ac_cv_env_CPP_set=
ac_cv_env_CPP_value=
ac_cv_env_LDFLAGS_set=
ac_cv_env_LDFLAGS_value=
ac_cv_env_LIBS_set=
ac_cv_env_LIBS_value=
ac_cv_env_build_alias_set=
ac_cv_env_build_alias_value=
ac_cv_env_host_alias_set=
ac_cv_env_host_alias_value=
ac_cv_env_target_alias_set=
ac_cv_env_target_alias_value=
ac_cv_func_connect=yes
ac_cv_func_gethostbyname=yes
ac_cv_func_sin=yes
ac_cv_header_dlfcn_h=yes
ac_cv_header_errno_h=yes
ac_cv_header_float_h=yes
ac_cv_header_inttypes_h=yes
ac_cv_header_limits_h=yes
ac_cv_header_memory_h=yes
ac_cv_header_net_errno_h=no
ac_cv_header_stdc=yes
ac_cv_header_stdint_h=yes
ac_cv_header_stdlib_h=yes
ac_cv_header_string_h=yes
ac_cv_header_strings_h=yes
ac_cv_header_sys_param_h=yes
ac_cv_header_sys_stat_h=yes
ac_cv_header_sys_types_h=yes
ac_cv_header_sys_wait_h=yes
ac_cv_header_unistd_h=yes
ac_cv_header_values_h=no
ac_cv_lib_dl_dlopen=yes
ac_cv_lib_ieee_main=no
ac_cv_lib_inet_main=no
ac_cv_lib_pthread_pthread_mutex_init=yes
ac_cv_objext=o
ac_cv_path_EGREP='/usr/bin/grep -E'
ac_cv_path_GREP=/usr/bin/grep
ac_cv_path_install='/usr/bin/install -c'
ac_cv_prog_AR=ar
ac_cv_prog_CPP='gcc -E'
ac_cv_prog_ac_ct_CC=gcc
ac_cv_prog_ac_ct_RANLIB=ranlib
ac_cv_prog_cc_c89=
ac_cv_prog_cc_g=yes
ac_cv_prog_make_make_set=yes
tcl_cv_cc_pipe=yes
tcl_cv_cc_visibility_hidden=yes
tcl_cv_dirent_h=yes
tcl_cv_flag__isoc99_source=no
tcl_cv_flag__largefile64_source=no
tcl_cv_flag__largefile_source64=no
tcl_cv_ld_search_paths_first=yes
tcl_cv_ld_single_module=yes
tcl_cv_sys_version=Darwin-10.2.0
tcl_cv_type_64bit=none

## ----------------- ##
## Output variables. ##
## ----------------- ##

AR='ar'
CC='gcc'
CELIB_DIR=''
CFLAGS='-pipe  ${CFLAGS_DEFAULT} ${CFLAGS_WARNING} ${SHLIB_CFLAGS}  '
CFLAGS_DEBUG='-g'
CFLAGS_DEFAULT='-g'
CFLAGS_OPTIMIZE='-Os'
CFLAGS_WARNING='-Wall'
CLEANFILES='pkgIndex.tcl'
CPP='gcc -E'
CPPFLAGS=''
CYGPATH='echo'
DEFS='-DPACKAGE_NAME=\"xotclsdbm\" -DPACKAGE_TARNAME=\"xotclsdbm\" -DPACKAGE_VERSION=\"1.2\" -DPACKAGE_STRING=\"xotclsdbm\ 1.2\" -DPACKAGE_BUGREPORT=\"\" -DSTDC_HEADERS=1 -DHAVE_SYS_TYPES_H=1 -DHAVE_SYS_STAT_H=1 -DHAVE_STDLIB_H=1 -DHAVE_STRING_H=1 -DHAVE_MEMORY_H=1 -DHAVE_STRINGS_H=1 -DHAVE_INTTYPES_H=1 -DHAVE_STDINT_H=1 -DHAVE_UNISTD_H=1 -DNO_VALUES_H=1 -DHAVE_LIMITS_H=1 -DHAVE_SYS_PARAM_H=1 -DUSE_THREAD_ALLOC=1 -D_REENTRANT=1 -D_THREAD_SAFE=1 -DTCL_THREADS=1 -DMODULE_SCOPE=extern\ __attribute__\(\(__visibility__\(\"hidden\"\)\)\) -DTCL_WIDE_INT_IS_LONG=1 -DUSE_TCL_STUBS=1'
DL_LIBS=''
ECHO_C='ECHO_N=''
ECHO_T=''
EGREP='/usr/bin/grep -E'
EXEEXT=''
GREP='/usr/bin/grep'
INSTALL_DATA='${INSTALL} -m 644'
INSTALL_PROGRAM='${INSTALL}'
INSTALL_SCRIPT='${INSTALL}'
LDFLAGS=' -prebind -headerpad_max_install_names -Wl,-search_paths_first '
LDFLAGS_DEFAULT=' -prebind -headerpad_max_install_names -Wl,-search_paths_first '
LD_LIBRARY_PATH_VAR='DYLD_LIBRARY_PATH'
LIBOBJS=''
LIBS=''
LTLIBOBJS=''
MAKE_LIB='${SHLIB_LD} -o $@ $(PKG_OBJECTS) ${SHLIB_LD_LIBS} '
MAKE_SHARED_LIB='${SHLIB_LD} -o $@ $(PKG_OBJECTS) ${SHLIB_LD_LIBS}'
MAKE_STATIC_LIB='${STLIB_LD} $@ $(PKG_OBJECTS)'
MAKE_STUB_LIB='${STLIB_LD} $@ $(PKG_STUB_OBJECTS)'
MATH_LIBS=''
OBJEXT='o'
PACKAGE_BUGREPORT=''
PACKAGE_NAME='xotclsdbm'
PACKAGE_STRING='xotclsdbm 1.2'
PACKAGE_TARNAME='xotclsdbm'
PACKAGE_VERSION='1.2'
PATH_SEPARATOR=':'
PKG_CFLAGS=' '
PKG_HEADERS=''
PKG_INCLUDES=' -I/Users/neumann/src/xotcl-2.0.0/generic -I./generic'
PKG_LIBS=' -L/Users/neumann/src/xotcl-2.0.0 -lxotclstub2.0.0 -L/Users/neumann/src/xotcl-2.0.0 -lxotcl2.0.0'
PKG_LIB_FILE='libxotclsdbm1.2.dylib'
PKG_OBJECTS=' hash.o pair.o sdbm.o xotclsdbm.o'
PKG_SOURCES=' hash.c pair.c sdbm.c xotclsdbm.c'
PKG_STUB_LIB_FILE='libxotclsdbmstub1.2.a'
PKG_STUB_OBJECTS=''
PKG_STUB_SOURCES=''
PKG_TCL_SOURCES=''
RANLIB=':'
RANLIB_STUB='ranlib'
SET_MAKE=''
SHARED_BUILD='1'
SHELL='/bin/sh'
SHLIB_CFLAGS='-fno-common'
SHLIB_LD='${CC} -dynamiclib ${CFLAGS} ${LDFLAGS_DEFAULT} -Wl,-single_module -current_version 1.2 -compatibility_version 1.2'
SHLIB_LD_LIBS='${LIBS} -L/usr/local/src/tcl8.5.8/unix -ltclstub8.5'
STLIB_LD='${AR} cr'
TCLSH_PROG='/usr/local/src/tcl8.5.8/unix/tclsh'
TCL_BIN_DIR='/usr/local/src/tcl8.5.8/unix'
TCL_DBGX=''
TCL_DEFS='-DPACKAGE_NAME=\"tcl\" -DPACKAGE_TARNAME=\"tcl\" -DPACKAGE_VERSION=\"8.5\" -DPACKAGE_STRING=\"tcl\ 8.5\" -DPACKAGE_BUGREPORT=\"\" -DSTDC_HEADERS=1 -DHAVE_SYS_TYPES_H=1 -DHAVE_SYS_STAT_H=1 -DHAVE_STDLIB_H=1 -DHAVE_STRING_H=1 -DHAVE_MEMORY_H=1 -DHAVE_STRINGS_H=1 -DHAVE_INTTYPES_H=1 -DHAVE_STDINT_H=1 -DHAVE_UNISTD_H=1 -DNO_VALUES_H=1 -DHAVE_LIMITS_H=1 -DHAVE_SYS_PARAM_H=1 -DUSE_THREAD_ALLOC=1 -D_REENTRANT=1 -D_THREAD_SAFE=1 -DHAVE_PTHREAD_ATTR_SETSTACKSIZE=1 -DHAVE_PTHREAD_GET_STACKSIZE_NP=1 -DTCL_THREADS=1 -DTCL_CFGVAL_ENCODING=\"iso8859-1\" -DMODULE_SCOPE=extern\ __attribute__\(\(__visibility__\(\"hidden\"\)\)\) -DMAC_OSX_TCL=1 -DTCL_SHLIB_EXT=\".dylib\" -DTCL_CFG_DEBUG=1 -DTCL_TOMMATH=1 -DMP_PREC=4 -DTCL_WIDE_INT_IS_LONG=1 -DHAVE_GETCWD=1 -DHAVE_OPENDIR=1 -DHAVE_STRTOL=1 -DHAVE_WAITPID=1 -DHAVE_GETADDRINFO=1 -DHAVE_GETPWUID_R_5=1 -DHAVE_GETPWUID_R=1 -DHAVE_GETPWNAM_R_5=1 -DHAVE_GETPWNAM_R=1 -DHAVE_GETGRGID_R_5=1 -DHAVE_GETGRGID_R=1 -DHAVE_GETGRNAM_R_5=1 -DHAVE_GETGRNAM_R=1 -DHAVE_MTSAFE_GETHOSTBYNAME=1 -DHAVE_MTSAFE_GETHOSTBYADDR=1 -DUSE_TERMIOS=1 -DHAVE_SYS_TIME_H=1 -DTIME_WITH_SYS_TIME=1 -DHAVE_STRUCT_TM_TM_ZONE=1 -DHAVE_TM_ZONE=1 -DHAVE_GMTIME_R=1 -DHAVE_LOCALTIME_R=1 -DHAVE_MKTIME=1 -DHAVE_TM_GMTOFF=1 -DHAVE_TIMEZONE_VAR=1 -DHAVE_STRUCT_STAT_ST_BLKSIZE=1 -DHAVE_ST_BLKSIZE=1 -DHAVE_INTPTR_T=1 -DHAVE_UINTPTR_T=1 -DHAVE_SIGNED_CHAR=1 -DHAVE_LANGINFO=1 -DHAVE_CHFLAGS=1 -DHAVE_GETATTRLIST=1 -DHAVE_COPYFILE_H=1 -DHAVE_COPYFILE=1 -DUSE_VFORK=1 -DTCL_DEFAULT_ENCODING=\"utf-8\" -DTCL_LOAD_FROM_MEMORY=1 -DTCL_WIDE_CLICKS=1 -DHAVE_AVAILABILITYMACROS_H=1 -DHAVE_WEAK_IMPORT=1 -D_DARWIN_C_SOURCE=1 -DHAVE_FTS=1 -DHAVE_SYS_IOCTL_H=1 -DHAVE_SYS_FILIO_H=1 -DTCL_UNLOAD_DLLS=1 '
TCL_EXTRA_CFLAGS='-pipe   '
TCL_INCLUDES='-I"/usr/local/src/tcl8.5.8/generic"'
TCL_LD_FLAGS=' -prebind -headerpad_max_install_names -Wl,-search_paths_first '
TCL_LIBS='${DL_LIBS} ${LIBS} ${MATH_LIBS}'
TCL_LIB_FILE='libtcl8.5.dylib'
TCL_LIB_FLAG='-ltcl8.5'
TCL_LIB_SPEC='-L/usr/local/src/tcl8.5.8/unix -ltcl8.5'
TCL_SHLIB_LD_LIBS='${LIBS}'
TCL_SRC_DIR='/usr/local/src/tcl8.5.8'
TCL_STUB_LIB_FILE='libtclstub8.5.a'
TCL_STUB_LIB_FLAG='-ltclstub8.5'
TCL_STUB_LIB_SPEC='-L/usr/local/src/tcl8.5.8/unix -ltclstub8.5'
TCL_THREADS='1'
TCL_VERSION='8.5'
ac_ct_CC='gcc'
bindir='${exec_prefix}/bin'
build_alias=''
datadir='${datarootdir}'
datarootdir='${prefix}/share'
docdir='${datarootdir}/doc/${PACKAGE_TARNAME}'
dvidir='${docdir}'
exec_prefix='/usr/local/ns'
host_alias=''
htmldir='${docdir}'
includedir='${prefix}/include'
infodir='${datarootdir}/info'
libdir='${exec_prefix}/lib'
libexecdir='${exec_prefix}/libexec'
localedir='${datarootdir}/locale'
localstatedir='${prefix}/var'
mandir='${datarootdir}/man'
oldincludedir='/usr/include'
pdfdir='${docdir}'
prefix='/usr/local/ns'
program_transform_name='s,x,x,'
psdir='${docdir}'
sbindir='${exec_prefix}/sbin'
sharedstatedir='${prefix}/com'
sysconfdir='${prefix}/etc'
target_alias=''

## ----------- ##
## confdefs.h. ##
## ----------- ##

#define PACKAGE_NAME "xotclsdbm"
#define PACKAGE_TARNAME "xotclsdbm"
#define PACKAGE_VERSION "1.2"
#define PACKAGE_STRING "xotclsdbm 1.2"
#define PACKAGE_BUGREPORT ""
#define STDC_HEADERS 1
#define HAVE_SYS_TYPES_H 1
#define HAVE_SYS_STAT_H 1
#define HAVE_STDLIB_H 1
#define HAVE_STRING_H 1
#define HAVE_MEMORY_H 1
#define HAVE_STRINGS_H 1
#define HAVE_INTTYPES_H 1
#define HAVE_STDINT_H 1
#define HAVE_UNISTD_H 1
#define NO_VALUES_H 1
#define HAVE_LIMITS_H 1
#define HAVE_SYS_PARAM_H 1
#define USE_THREAD_ALLOC 1
#define _REENTRANT 1
#define _THREAD_SAFE 1
#define TCL_THREADS 1
#define MODULE_SCOPE extern __attribute__((__visibility__("hidden")))
#define TCL_WIDE_INT_IS_LONG 1
#define USE_TCL_STUBS 1

configure: exit 0
