This file contains any messages produced by compilers while
running configure, to aid debugging if configure makes a mistake.

It was created by xotclexpat configure 0.9, which was
generated by GNU Autoconf 2.61.  Invocation command line was

  $ ./configure --with-tcl=/usr/local/src/tcl8.5.8/unix/ --enable-symbols --with-actiweb --prefix=/usr/local/ns --with-xotcl=/Users/neumann/src/xotcl-1.6.6

## --------- ##
## Platform. ##
## --------- ##

hostname = imac.lan
uname -m = i386
uname -r = 10.2.0
uname -s = Darwin
uname -v = Darwin Kernel Version 10.2.0: Tue Nov  3 23:08:29 PST 2009; root:xnu-1486.2.11~3/RELEASE_I386

/usr/bin/uname -p = i386
/bin/uname -X     = unknown

/bin/arch              = unknown
/usr/bin/arch -k       = unknown
/usr/convex/getsysinfo = unknown
/usr/bin/hostinfo      = Mach kernel version:
	 Darwin Kernel Version 10.2.0: Tue Nov  3 23:08:29 PST 2009; root:xnu-1486.2.11~3/RELEASE_I386
Kernel configured for up to 2 processors.
2 processors are physically available.
2 processors are logically available.
Processor type: i486 (Intel 80486)
Processors active: 0 1
Primary memory available: 8.00 gigabytes
Default processor set: 102 tasks, 405 threads, 2 processors
Load average: 1.23, Mach factor: 0.86
/bin/machine           = unknown
/usr/bin/oslevel       = unknown
/bin/universe          = unknown

PATH: /Library/Frameworks/Python.framework/Versions/Current/bin
PATH: /opt/local/bin
PATH: /opt/local/sbin
PATH: /sw/bin
PATH: /sw/sbin
PATH: /usr/bin
PATH: /bin
PATH: /usr/sbin
PATH: /sbin
PATH: /usr/local/bin
PATH: /usr/X11/bin
PATH: /usr/X11R6/bin


## ----------- ##
## Core tests. ##
## ----------- ##

configure:1776: checking for correct TEA configuration
configure:1795: result: ok (TEA 3.7)
configure:1987: checking for Tcl configuration
configure:2113: result: found /usr/local/src/tcl8.5.8/unix/tclConfig.sh
configure:2119: checking for existence of /usr/local/src/tcl8.5.8/unix/tclConfig.sh
configure:2123: result: loading
configure:2282: --exec-prefix defaulting to TCL_EXEC_PREFIX /usr/local/ns
configure:2358: checking for gcc
configure:2374: found /usr/bin/gcc
configure:2385: result: gcc
configure:2623: checking for C compiler version
configure:2630: gcc --version >&5
i686-apple-darwin10-gcc-4.2.1 (GCC) 4.2.1 (Apple Inc. build 5646) (dot 1)
Copyright (C) 2007 Free Software Foundation, Inc.
This is free software; see the source for copying conditions.  There is NO
warranty; not even for MERCHANTABILITY or FITNESS FOR A PARTICULAR PURPOSE.

configure:2633: $? = 0
configure:2640: gcc -v >&5
Using built-in specs.
Target: i686-apple-darwin10
Configured with: /var/tmp/gcc/gcc-5646.1~2/src/configure --disable-checking --enable-werror --prefix=/usr --mandir=/share/man --enable-languages=c,objc,c++,obj-c++ --program-transform-name=/^[cg][^.-]*$/s/$/-4.2/ --with-slibdir=/usr/lib --build=i686-apple-darwin10 --with-gxx-include-dir=/include/c++/4.2.1 --program-prefix=i686-apple-darwin10- --host=x86_64-apple-darwin10 --target=i686-apple-darwin10
Thread model: posix
gcc version 4.2.1 (Apple Inc. build 5646) (dot 1)
configure:2643: $? = 0
configure:2650: gcc -V >&5
gcc-4.2: argument to `-V' is missing
configure:2653: $? = 1
configure:2676: checking for C compiler default output file name
configure:2703: gcc    conftest.c  >&5
configure:2706: $? = 0
configure:2744: result: a.out
configure:2761: checking whether the C compiler works
configure:2771: ./a.out
configure:2774: $? = 0
configure:2791: result: yes
configure:2798: checking whether we are cross compiling
configure:2800: result: no
configure:2803: checking for suffix of executables
configure:2810: gcc -o conftest    conftest.c  >&5
configure:2813: $? = 0
configure:2837: result: 
configure:2843: checking for suffix of object files
configure:2869: gcc -c   conftest.c >&5
configure:2872: $? = 0
configure:2895: result: o
configure:2899: checking whether we are using the GNU C compiler
configure:2928: gcc -c   conftest.c >&5
configure:2934: $? = 0
configure:2951: result: yes
configure:2956: checking whether gcc accepts -g
configure:2986: gcc -c -g  conftest.c >&5
configure:2992: $? = 0
configure:3091: result: yes
configure:3108: checking for gcc option to accept ISO C89
configure:3182: gcc  -c   conftest.c >&5
configure:3188: $? = 0
configure:3211: result: none needed
configure:3234: checking how to run the C preprocessor
configure:3274: gcc -E  conftest.c
configure:3280: $? = 0
configure:3311: gcc -E  conftest.c
conftest.c:8:28: error: ac_nonexistent.h: No such file or directory
configure:3317: $? = 1
configure: failed program was:
| /* confdefs.h.  */
| #define PACKAGE_NAME "xotclexpat"
| #define PACKAGE_TARNAME "xotclexpat"
| #define PACKAGE_VERSION "0.9"
| #define PACKAGE_STRING "xotclexpat 0.9"
| #define PACKAGE_BUGREPORT ""
| /* end confdefs.h.  */
| #include <ac_nonexistent.h>
configure:3350: result: gcc -E
configure:3379: gcc -E  conftest.c
configure:3385: $? = 0
configure:3416: gcc -E  conftest.c
conftest.c:8:28: error: ac_nonexistent.h: No such file or directory
configure:3422: $? = 1
configure: failed program was:
| /* confdefs.h.  */
| #define PACKAGE_NAME "xotclexpat"
| #define PACKAGE_TARNAME "xotclexpat"
| #define PACKAGE_VERSION "0.9"
| #define PACKAGE_STRING "xotclexpat 0.9"
| #define PACKAGE_BUGREPORT ""
| /* end confdefs.h.  */
| #include <ac_nonexistent.h>
configure:3473: checking for a BSD-compatible install
configure:3529: result: /usr/bin/install -c
configure:3545: checking whether make sets $(MAKE)
configure:3566: result: yes
configure:3623: checking for ranlib
configure:3639: found /usr/bin/ranlib
configure:3650: result: ranlib
configure:3686: checking for grep that handles long lines and -e
configure:3760: result: /usr/bin/grep
configure:3765: checking for egrep
configure:3843: result: /usr/bin/grep -E
configure:3848: checking for ANSI C header files
configure:3878: gcc -c   conftest.c >&5
configure:3884: $? = 0
configure:3983: gcc -o conftest    conftest.c  >&5
configure:3986: $? = 0
configure:3992: ./conftest
configure:3995: $? = 0
configure:4012: result: yes
configure:4036: checking for sys/types.h
configure:4057: gcc -c   conftest.c >&5
configure:4063: $? = 0
configure:4079: result: yes
configure:4036: checking for sys/stat.h
configure:4057: gcc -c   conftest.c >&5
configure:4063: $? = 0
configure:4079: result: yes
configure:4036: checking for stdlib.h
configure:4057: gcc -c   conftest.c >&5
configure:4063: $? = 0
configure:4079: result: yes
configure:4036: checking for string.h
configure:4057: gcc -c   conftest.c >&5
configure:4063: $? = 0
configure:4079: result: yes
configure:4036: checking for memory.h
configure:4057: gcc -c   conftest.c >&5
configure:4063: $? = 0
configure:4079: result: yes
configure:4036: checking for strings.h
configure:4057: gcc -c   conftest.c >&5
configure:4063: $? = 0
configure:4079: result: yes
configure:4036: checking for inttypes.h
configure:4057: gcc -c   conftest.c >&5
configure:4063: $? = 0
configure:4079: result: yes
configure:4036: checking for stdint.h
configure:4057: gcc -c   conftest.c >&5
configure:4063: $? = 0
configure:4079: result: yes
configure:4036: checking for unistd.h
configure:4057: gcc -c   conftest.c >&5
configure:4063: $? = 0
configure:4079: result: yes
configure:4101: checking if the compiler understands -pipe
configure:4129: gcc -c  -pipe  conftest.c >&5
configure:4135: $? = 0
configure:4151: result: yes
configure:4162: checking whether byte ordering is bigendian
configure:4195: gcc -c  -pipe  conftest.c >&5
configure:4201: $? = 0
configure:4233: gcc -c  -pipe  conftest.c >&5
conftest.c: In function 'main':
conftest.c:25: error: 'not' undeclared (first use in this function)
conftest.c:25: error: (Each undeclared identifier is reported only once
conftest.c:25: error: for each function it appears in.)
conftest.c:25: error: expected ';' before 'big'
configure:4239: $? = 1
configure: failed program was:
| /* confdefs.h.  */
| #define PACKAGE_NAME "xotclexpat"
| #define PACKAGE_TARNAME "xotclexpat"
| #define PACKAGE_VERSION "0.9"
| #define PACKAGE_STRING "xotclexpat 0.9"
| #define PACKAGE_BUGREPORT ""
| #define STDC_HEADERS 1
| #define HAVE_SYS_TYPES_H 1
| #define HAVE_SYS_STAT_H 1
| #define HAVE_STDLIB_H 1
| #define HAVE_STRING_H 1
| #define HAVE_MEMORY_H 1
| #define HAVE_STRINGS_H 1
| #define HAVE_INTTYPES_H 1
| #define HAVE_STDINT_H 1
| #define HAVE_UNISTD_H 1
| /* end confdefs.h.  */
| #include <sys/types.h>
| #include <sys/param.h>
| 
| int
| main ()
| {
| #if BYTE_ORDER != BIG_ENDIAN
|  not big endian
| #endif
| 
|   ;
|   return 0;
| }
configure:4379: result: no
configure:4407: checking for sin
configure:4463: gcc -o conftest  -pipe   conftest.c  >&5
conftest.c:41: warning: conflicting types for built-in function 'sin'
configure:4469: $? = 0
configure:4486: result: yes
configure:4494: checking for main in -lieee
configure:4523: gcc -o conftest  -pipe   conftest.c -lieee   >&5
ld: library not found for -lieee
collect2: ld returned 1 exit status
configure:4529: $? = 1
configure: failed program was:
| /* confdefs.h.  */
| #define PACKAGE_NAME "xotclexpat"
| #define PACKAGE_TARNAME "xotclexpat"
| #define PACKAGE_VERSION "0.9"
| #define PACKAGE_STRING "xotclexpat 0.9"
| #define PACKAGE_BUGREPORT ""
| #define STDC_HEADERS 1
| #define HAVE_SYS_TYPES_H 1
| #define HAVE_SYS_STAT_H 1
| #define HAVE_STDLIB_H 1
| #define HAVE_STRING_H 1
| #define HAVE_MEMORY_H 1
| #define HAVE_STRINGS_H 1
| #define HAVE_INTTYPES_H 1
| #define HAVE_STDINT_H 1
| #define HAVE_UNISTD_H 1
| /* end confdefs.h.  */
| 
| 
| int
| main ()
| {
| return main ();
|   ;
|   return 0;
| }
configure:4547: result: no
configure:4559: checking for main in -linet
configure:4588: gcc -o conftest  -pipe   conftest.c -linet   >&5
ld: library not found for -linet
collect2: ld returned 1 exit status
configure:4594: $? = 1
configure: failed program was:
| /* confdefs.h.  */
| #define PACKAGE_NAME "xotclexpat"
| #define PACKAGE_TARNAME "xotclexpat"
| #define PACKAGE_VERSION "0.9"
| #define PACKAGE_STRING "xotclexpat 0.9"
| #define PACKAGE_BUGREPORT ""
| #define STDC_HEADERS 1
| #define HAVE_SYS_TYPES_H 1
| #define HAVE_SYS_STAT_H 1
| #define HAVE_STDLIB_H 1
| #define HAVE_STRING_H 1
| #define HAVE_MEMORY_H 1
| #define HAVE_STRINGS_H 1
| #define HAVE_INTTYPES_H 1
| #define HAVE_STDINT_H 1
| #define HAVE_UNISTD_H 1
| /* end confdefs.h.  */
| 
| 
| int
| main ()
| {
| return main ();
|   ;
|   return 0;
| }
configure:4612: result: no
configure:4628: checking net/errno.h usability
configure:4645: gcc -c  -pipe  conftest.c >&5
conftest.c:51:23: error: net/errno.h: No such file or directory
configure:4651: $? = 1
configure: failed program was:
| /* confdefs.h.  */
| #define PACKAGE_NAME "xotclexpat"
| #define PACKAGE_TARNAME "xotclexpat"
| #define PACKAGE_VERSION "0.9"
| #define PACKAGE_STRING "xotclexpat 0.9"
| #define PACKAGE_BUGREPORT ""
| #define STDC_HEADERS 1
| #define HAVE_SYS_TYPES_H 1
| #define HAVE_SYS_STAT_H 1
| #define HAVE_STDLIB_H 1
| #define HAVE_STRING_H 1
| #define HAVE_MEMORY_H 1
| #define HAVE_STRINGS_H 1
| #define HAVE_INTTYPES_H 1
| #define HAVE_STDINT_H 1
| #define HAVE_UNISTD_H 1
| /* end confdefs.h.  */
| #include <stdio.h>
| #ifdef HAVE_SYS_TYPES_H
| # include <sys/types.h>
| #endif
| #ifdef HAVE_SYS_STAT_H
| # include <sys/stat.h>
| #endif
| #ifdef STDC_HEADERS
| # include <stdlib.h>
| # include <stddef.h>
| #else
| # ifdef HAVE_STDLIB_H
| #  include <stdlib.h>
| # endif
| #endif
| #ifdef HAVE_STRING_H
| # if !defined STDC_HEADERS && defined HAVE_MEMORY_H
| #  include <memory.h>
| # endif
| # include <string.h>
| #endif
| #ifdef HAVE_STRINGS_H
| # include <strings.h>
| #endif
| #ifdef HAVE_INTTYPES_H
| # include <inttypes.h>
| #endif
| #ifdef HAVE_STDINT_H
| # include <stdint.h>
| #endif
| #ifdef HAVE_UNISTD_H
| # include <unistd.h>
| #endif
| #include <net/errno.h>
configure:4665: result: no
configure:4669: checking net/errno.h presence
configure:4684: gcc -E  conftest.c
conftest.c:18:23: error: net/errno.h: No such file or directory
configure:4690: $? = 1
configure: failed program was:
| /* confdefs.h.  */
| #define PACKAGE_NAME "xotclexpat"
| #define PACKAGE_TARNAME "xotclexpat"
| #define PACKAGE_VERSION "0.9"
| #define PACKAGE_STRING "xotclexpat 0.9"
| #define PACKAGE_BUGREPORT ""
| #define STDC_HEADERS 1
| #define HAVE_SYS_TYPES_H 1
| #define HAVE_SYS_STAT_H 1
| #define HAVE_STDLIB_H 1
| #define HAVE_STRING_H 1
| #define HAVE_MEMORY_H 1
| #define HAVE_STRINGS_H 1
| #define HAVE_INTTYPES_H 1
| #define HAVE_STDINT_H 1
| #define HAVE_UNISTD_H 1
| /* end confdefs.h.  */
| #include <net/errno.h>
configure:4704: result: no
configure:4732: checking for net/errno.h
configure:4739: result: no
configure:4773: checking for connect
configure:4829: gcc -o conftest  -pipe   conftest.c  >&5
configure:4835: $? = 0
configure:4852: result: yes
configure:5106: checking for gethostbyname
configure:5162: gcc -o conftest  -pipe   conftest.c  >&5
configure:5168: $? = 0
configure:5185: result: yes
configure:5266: checking dirent.h
configure:5312: gcc -o conftest  -pipe   conftest.c  >&5
configure:5318: $? = 0
configure:5335: result: yes
configure:5357: checking errno.h usability
configure:5374: gcc -c  -pipe  conftest.c >&5
configure:5380: $? = 0
configure:5394: result: yes
configure:5398: checking errno.h presence
configure:5413: gcc -E  conftest.c
configure:5419: $? = 0
configure:5433: result: yes
configure:5461: checking for errno.h
configure:5468: result: yes
configure:5493: checking float.h usability
configure:5510: gcc -c  -pipe  conftest.c >&5
configure:5516: $? = 0
configure:5530: result: yes
configure:5534: checking float.h presence
configure:5549: gcc -E  conftest.c
configure:5555: $? = 0
configure:5569: result: yes
configure:5597: checking for float.h
configure:5604: result: yes
configure:5629: checking values.h usability
configure:5646: gcc -c  -pipe  conftest.c >&5
conftest.c:51:20: error: values.h: No such file or directory
configure:5652: $? = 1
configure: failed program was:
| /* confdefs.h.  */
| #define PACKAGE_NAME "xotclexpat"
| #define PACKAGE_TARNAME "xotclexpat"
| #define PACKAGE_VERSION "0.9"
| #define PACKAGE_STRING "xotclexpat 0.9"
| #define PACKAGE_BUGREPORT ""
| #define STDC_HEADERS 1
| #define HAVE_SYS_TYPES_H 1
| #define HAVE_SYS_STAT_H 1
| #define HAVE_STDLIB_H 1
| #define HAVE_STRING_H 1
| #define HAVE_MEMORY_H 1
| #define HAVE_STRINGS_H 1
| #define HAVE_INTTYPES_H 1
| #define HAVE_STDINT_H 1
| #define HAVE_UNISTD_H 1
| /* end confdefs.h.  */
| #include <stdio.h>
| #ifdef HAVE_SYS_TYPES_H
| # include <sys/types.h>
| #endif
| #ifdef HAVE_SYS_STAT_H
| # include <sys/stat.h>
| #endif
| #ifdef STDC_HEADERS
| # include <stdlib.h>
| # include <stddef.h>
| #else
| # ifdef HAVE_STDLIB_H
| #  include <stdlib.h>
| # endif
| #endif
| #ifdef HAVE_STRING_H
| # if !defined STDC_HEADERS && defined HAVE_MEMORY_H
| #  include <memory.h>
| # endif
| # include <string.h>
| #endif
| #ifdef HAVE_STRINGS_H
| # include <strings.h>
| #endif
| #ifdef HAVE_INTTYPES_H
| # include <inttypes.h>
| #endif
| #ifdef HAVE_STDINT_H
| # include <stdint.h>
| #endif
| #ifdef HAVE_UNISTD_H
| # include <unistd.h>
| #endif
| #include <values.h>
configure:5666: result: no
configure:5670: checking values.h presence
configure:5685: gcc -E  conftest.c
conftest.c:18:20: error: values.h: No such file or directory
configure:5691: $? = 1
configure: failed program was:
| /* confdefs.h.  */
| #define PACKAGE_NAME "xotclexpat"
| #define PACKAGE_TARNAME "xotclexpat"
| #define PACKAGE_VERSION "0.9"
| #define PACKAGE_STRING "xotclexpat 0.9"
| #define PACKAGE_BUGREPORT ""
| #define STDC_HEADERS 1
| #define HAVE_SYS_TYPES_H 1
| #define HAVE_SYS_STAT_H 1
| #define HAVE_STDLIB_H 1
| #define HAVE_STRING_H 1
| #define HAVE_MEMORY_H 1
| #define HAVE_STRINGS_H 1
| #define HAVE_INTTYPES_H 1
| #define HAVE_STDINT_H 1
| #define HAVE_UNISTD_H 1
| /* end confdefs.h.  */
| #include <values.h>
configure:5705: result: no
configure:5733: checking for values.h
configure:5740: result: no
configure:5765: checking limits.h usability
configure:5782: gcc -c  -pipe  conftest.c >&5
configure:5788: $? = 0
configure:5802: result: yes
configure:5806: checking limits.h presence
configure:5821: gcc -E  conftest.c
configure:5827: $? = 0
configure:5841: result: yes
configure:5869: checking for limits.h
configure:5876: result: yes
configure:5896: checking for stdlib.h
configure:5901: result: yes
configure:6086: checking for string.h
configure:6091: result: yes
configure:6273: checking sys/wait.h usability
configure:6290: gcc -c  -pipe  conftest.c >&5
configure:6296: $? = 0
configure:6310: result: yes
configure:6314: checking sys/wait.h presence
configure:6329: gcc -E  conftest.c
configure:6335: $? = 0
configure:6349: result: yes
configure:6377: checking for sys/wait.h
configure:6384: result: yes
configure:6409: checking dlfcn.h usability
configure:6426: gcc -c  -pipe  conftest.c >&5
configure:6432: $? = 0
configure:6446: result: yes
configure:6450: checking dlfcn.h presence
configure:6465: gcc -E  conftest.c
configure:6471: $? = 0
configure:6485: result: yes
configure:6513: checking for dlfcn.h
configure:6520: result: yes
configure:6552: checking sys/param.h usability
configure:6569: gcc -c  -pipe  conftest.c >&5
configure:6575: $? = 0
configure:6589: result: yes
configure:6593: checking sys/param.h presence
configure:6608: gcc -E  conftest.c
configure:6614: $? = 0
configure:6628: result: yes
configure:6656: checking for sys/param.h
configure:6664: result: yes
configure:6689: Reading file /Users/neumann/src/xotcl-1.6.6/xotclConfig.sh
configure:6717: result: using bundled expat distribution
configure:6929: checking for Tcl public headers
configure:7004: result: /usr/local/src/tcl8.5.8/generic
configure:7072: checking for pthread_mutex_init in -lpthread
configure:7107: gcc -o conftest  -pipe   conftest.c -lpthread   >&5
configure:7113: $? = 0
configure:7131: result: yes
configure:7440: checking for building with threads
configure:7448: result: yes (default)
configure:7489: checking how to build libraries
configure:7507: result: shared
configure:7534: checking if 64bit support is requested
configure:7543: result: no
configure:7548: checking if 64bit Sparc VIS support is requested
configure:7557: result: no
configure:7568: checking if compiler supports visibility "hidden"
configure:7598: gcc -o conftest  -pipe -Werror   conftest.c  >&5
configure:7604: $? = 0
configure:7622: result: yes
configure:7637: checking if rpath support is requested
configure:7646: result: yes
configure:7672: checking system version
configure:7703: result: Darwin-10.2.0
configure:7711: checking for dlopen in -ldl
configure:7746: gcc -o conftest  -pipe   conftest.c -ldl   >&5
configure:7752: $? = 0
configure:7770: result: yes
configure:7816: checking for ar
configure:7832: found /usr/bin/ar
configure:7843: result: ar
configure:9343: checking if ld accepts -single_module flag
configure:9372: gcc -o conftest -pipe     -dynamiclib -Wl,-single_module conftest.c  >&5
configure:9378: $? = 0
configure:9396: result: yes
configure:9419: checking if ld accepts -search_paths_first flag
configure:9448: gcc -o conftest -pipe     -prebind -headerpad_max_install_names -Wl,-search_paths_first conftest.c  >&5
configure:9454: $? = 0
configure:9472: result: yes
configure:10174: checking for required early compiler flags
configure:10202: gcc -c -pipe    conftest.c >&5
configure:10208: $? = 0
configure:10299: gcc -c -pipe    conftest.c >&5
conftest.c: In function 'main':
conftest.c:30: warning: 'stat64' is deprecated (declared at /usr/include/sys/stat.h:465)
configure:10305: $? = 0
configure:10396: gcc -c -pipe    conftest.c >&5
conftest.c: In function 'main':
conftest.c:30: error: 'open64' undeclared (first use in this function)
conftest.c:30: error: (Each undeclared identifier is reported only once
conftest.c:30: error: for each function it appears in.)
configure:10402: $? = 1
configure: failed program was:
| /* confdefs.h.  */
| #define PACKAGE_NAME "xotclexpat"
| #define PACKAGE_TARNAME "xotclexpat"
| #define PACKAGE_VERSION "0.9"
| #define PACKAGE_STRING "xotclexpat 0.9"
| #define PACKAGE_BUGREPORT ""
| #define STDC_HEADERS 1
| #define HAVE_SYS_TYPES_H 1
| #define HAVE_SYS_STAT_H 1
| #define HAVE_STDLIB_H 1
| #define HAVE_STRING_H 1
| #define HAVE_MEMORY_H 1
| #define HAVE_STRINGS_H 1
| #define HAVE_INTTYPES_H 1
| #define HAVE_STDINT_H 1
| #define HAVE_UNISTD_H 1
| #define NO_VALUES_H 1
| #define HAVE_LIMITS_H 1
| #define HAVE_SYS_PARAM_H 1
| #define USE_THREAD_ALLOC 1
| #define _REENTRANT 1
| #define _THREAD_SAFE 1
| #define TCL_THREADS 1
| #define MODULE_SCOPE extern __attribute__((__visibility__("hidden")))
| /* end confdefs.h.  */
| #include <sys/stat.h>
| int
| main ()
| {
| char *p = (char *)open64;
|   ;
|   return 0;
| }
configure:10434: gcc -c -pipe    conftest.c >&5
conftest.c: In function 'main':
conftest.c:31: error: 'open64' undeclared (first use in this function)
conftest.c:31: error: (Each undeclared identifier is reported only once
conftest.c:31: error: for each function it appears in.)
configure:10440: $? = 1
configure: failed program was:
| /* confdefs.h.  */
| #define PACKAGE_NAME "xotclexpat"
| #define PACKAGE_TARNAME "xotclexpat"
| #define PACKAGE_VERSION "0.9"
| #define PACKAGE_STRING "xotclexpat 0.9"
| #define PACKAGE_BUGREPORT ""
| #define STDC_HEADERS 1
| #define HAVE_SYS_TYPES_H 1
| #define HAVE_SYS_STAT_H 1
| #define HAVE_STDLIB_H 1
| #define HAVE_STRING_H 1
| #define HAVE_MEMORY_H 1
| #define HAVE_STRINGS_H 1
| #define HAVE_INTTYPES_H 1
| #define HAVE_STDINT_H 1
| #define HAVE_UNISTD_H 1
| #define NO_VALUES_H 1
| #define HAVE_LIMITS_H 1
| #define HAVE_SYS_PARAM_H 1
| #define USE_THREAD_ALLOC 1
| #define _REENTRANT 1
| #define _THREAD_SAFE 1
| #define TCL_THREADS 1
| #define MODULE_SCOPE extern __attribute__((__visibility__("hidden")))
| /* end confdefs.h.  */
| #define _LARGEFILE_SOURCE64 1
| #include <sys/stat.h>
| int
| main ()
| {
| char *p = (char *)open64;
|   ;
|   return 0;
| }
configure:10469: result: none
configure:10477: checking for 64-bit integer type
configure:10506: gcc -c -pipe    conftest.c >&5
conftest.c: In function 'main':
conftest.c:30: error: '__int64' undeclared (first use in this function)
conftest.c:30: error: (Each undeclared identifier is reported only once
conftest.c:30: error: for each function it appears in.)
conftest.c:30: error: expected ';' before 'value'
configure:10512: $? = 1
configure: failed program was:
| /* confdefs.h.  */
| #define PACKAGE_NAME "xotclexpat"
| #define PACKAGE_TARNAME "xotclexpat"
| #define PACKAGE_VERSION "0.9"
| #define PACKAGE_STRING "xotclexpat 0.9"
| #define PACKAGE_BUGREPORT ""
| #define STDC_HEADERS 1
| #define HAVE_SYS_TYPES_H 1
| #define HAVE_SYS_STAT_H 1
| #define HAVE_STDLIB_H 1
| #define HAVE_STRING_H 1
| #define HAVE_MEMORY_H 1
| #define HAVE_STRINGS_H 1
| #define HAVE_INTTYPES_H 1
| #define HAVE_STDINT_H 1
| #define HAVE_UNISTD_H 1
| #define NO_VALUES_H 1
| #define HAVE_LIMITS_H 1
| #define HAVE_SYS_PARAM_H 1
| #define USE_THREAD_ALLOC 1
| #define _REENTRANT 1
| #define _THREAD_SAFE 1
| #define TCL_THREADS 1
| #define MODULE_SCOPE extern __attribute__((__visibility__("hidden")))
| /* end confdefs.h.  */
| 
| int
| main ()
| {
| __int64 value = (__int64) 0;
|   ;
|   return 0;
| }
configure:10552: gcc -c -pipe    conftest.c >&5
conftest.c: In function 'main':
conftest.c:31: error: duplicate case value
conftest.c:31: error: previously used here
configure:10558: $? = 1
configure: failed program was:
| /* confdefs.h.  */
| #define PACKAGE_NAME "xotclexpat"
| #define PACKAGE_TARNAME "xotclexpat"
| #define PACKAGE_VERSION "0.9"
| #define PACKAGE_STRING "xotclexpat 0.9"
| #define PACKAGE_BUGREPORT ""
| #define STDC_HEADERS 1
| #define HAVE_SYS_TYPES_H 1
| #define HAVE_SYS_STAT_H 1
| #define HAVE_STDLIB_H 1
| #define HAVE_STRING_H 1
| #define HAVE_MEMORY_H 1
| #define HAVE_STRINGS_H 1
| #define HAVE_INTTYPES_H 1
| #define HAVE_STDINT_H 1
| #define HAVE_UNISTD_H 1
| #define NO_VALUES_H 1
| #define HAVE_LIMITS_H 1
| #define HAVE_SYS_PARAM_H 1
| #define USE_THREAD_ALLOC 1
| #define _REENTRANT 1
| #define _THREAD_SAFE 1
| #define TCL_THREADS 1
| #define MODULE_SCOPE extern __attribute__((__visibility__("hidden")))
| /* end confdefs.h.  */
| 
| int
| main ()
| {
| switch (0) {
|             case 1: case (sizeof(long long)==sizeof(long)): ;
|         }
|   ;
|   return 0;
| }
configure:10580: result: using long
configure:10885: checking for build with symbols
configure:10904: result: yes (standard debugging)
configure:11037: checking for tclsh
configure:11064: result: /usr/local/src/tcl8.5.8/unix/tclsh
configure:11209: creating ./config.status

## ---------------------- ##
## Running config.status. ##
## ---------------------- ##

This file was extended by xotclexpat config.status 0.9, which was
generated by GNU Autoconf 2.61.  Invocation command line was

  CONFIG_FILES    = 
  CONFIG_HEADERS  = 
  CONFIG_LINKS    = 
  CONFIG_COMMANDS = 
  $ ./config.status 

on imac.lan

config.status:634: creating Makefile
config.status:769: WARNING:  Makefile.in seems to ignore the --datarootdir setting

## ---------------- ##
## Cache variables. ##
## ---------------- ##

ac_cv_c_bigendian=no
ac_cv_c_compiler_gnu=yes
ac_cv_c_tclconfig=/usr/local/src/tcl8.5.8/unix
ac_cv_c_tclh=/usr/local/src/tcl8.5.8/generic
ac_cv_env_CC_set=
ac_cv_env_CC_value=
ac_cv_env_CFLAGS_set=
ac_cv_env_CFLAGS_value=
ac_cv_env_CPPFLAGS_set=
ac_cv_env_CPPFLAGS_value=
ac_cv_env_CPP_set=
ac_cv_env_CPP_value=
ac_cv_env_LDFLAGS_set=
ac_cv_env_LDFLAGS_value=
ac_cv_env_LIBS_set=
ac_cv_env_LIBS_value=
ac_cv_env_build_alias_set=
ac_cv_env_build_alias_value=
ac_cv_env_host_alias_set=
ac_cv_env_host_alias_value=
ac_cv_env_target_alias_set=
ac_cv_env_target_alias_value=
ac_cv_func_connect=yes
ac_cv_func_gethostbyname=yes
ac_cv_func_sin=yes
ac_cv_header_dlfcn_h=yes
ac_cv_header_errno_h=yes
ac_cv_header_float_h=yes
ac_cv_header_inttypes_h=yes
ac_cv_header_limits_h=yes
ac_cv_header_memory_h=yes
ac_cv_header_net_errno_h=no
ac_cv_header_stdc=yes
ac_cv_header_stdint_h=yes
ac_cv_header_stdlib_h=yes
ac_cv_header_string_h=yes
ac_cv_header_strings_h=yes
ac_cv_header_sys_param_h=yes
ac_cv_header_sys_stat_h=yes
ac_cv_header_sys_types_h=yes
ac_cv_header_sys_wait_h=yes
ac_cv_header_unistd_h=yes
ac_cv_header_values_h=no
ac_cv_lib_dl_dlopen=yes
ac_cv_lib_ieee_main=no
ac_cv_lib_inet_main=no
ac_cv_lib_pthread_pthread_mutex_init=yes
ac_cv_objext=o
ac_cv_path_EGREP='/usr/bin/grep -E'
ac_cv_path_GREP=/usr/bin/grep
ac_cv_path_install='/usr/bin/install -c'
ac_cv_prog_AR=ar
ac_cv_prog_CPP='gcc -E'
ac_cv_prog_ac_ct_CC=gcc
ac_cv_prog_ac_ct_RANLIB=ranlib
ac_cv_prog_cc_c89=
ac_cv_prog_cc_g=yes
ac_cv_prog_make_make_set=yes
tcl_cv_cc_pipe=yes
tcl_cv_cc_visibility_hidden=yes
tcl_cv_dirent_h=yes
tcl_cv_flag__isoc99_source=no
tcl_cv_flag__largefile64_source=no
tcl_cv_flag__largefile_source64=no
tcl_cv_ld_search_paths_first=yes
tcl_cv_ld_single_module=yes
tcl_cv_sys_version=Darwin-10.2.0
tcl_cv_type_64bit=none

## ----------------- ##
## Output variables. ##
## ----------------- ##

AR='ar'
CC='gcc'
CELIB_DIR=''
CFLAGS='-pipe  ${CFLAGS_DEFAULT} ${CFLAGS_WARNING} ${SHLIB_CFLAGS}  '
CFLAGS_DEBUG='-g'
CFLAGS_DEFAULT='-g'
CFLAGS_OPTIMIZE='-Os'
CFLAGS_WARNING='-Wall'
CLEANFILES='pkgIndex.tcl'
CPP='gcc -E'
CPPFLAGS=''
CYGPATH='echo'
DEFS='-DPACKAGE_NAME=\"xotclexpat\" -DPACKAGE_TARNAME=\"xotclexpat\" -DPACKAGE_VERSION=\"0.9\" -DPACKAGE_STRING=\"xotclexpat\ 0.9\" -DPACKAGE_BUGREPORT=\"\" -DSTDC_HEADERS=1 -DHAVE_SYS_TYPES_H=1 -DHAVE_SYS_STAT_H=1 -DHAVE_STDLIB_H=1 -DHAVE_STRING_H=1 -DHAVE_MEMORY_H=1 -DHAVE_STRINGS_H=1 -DHAVE_INTTYPES_H=1 -DHAVE_STDINT_H=1 -DHAVE_UNISTD_H=1 -DNO_VALUES_H=1 -DHAVE_LIMITS_H=1 -DHAVE_SYS_PARAM_H=1 -DUSE_THREAD_ALLOC=1 -D_REENTRANT=1 -D_THREAD_SAFE=1 -DTCL_THREADS=1 -DMODULE_SCOPE=extern\ __attribute__\(\(__visibility__\(\"hidden\"\)\)\) -DTCL_WIDE_INT_IS_LONG=1 -DUSE_TCL_STUBS=1'
DL_LIBS=''
ECHO_C='ECHO_N=''
ECHO_T=''
EGREP='/usr/bin/grep -E'
EXEEXT=''
GREP='/usr/bin/grep'
INSTALL_DATA='${INSTALL} -m 644'
INSTALL_PROGRAM='${INSTALL}'
INSTALL_SCRIPT='${INSTALL}'
LDFLAGS=' -prebind -headerpad_max_install_names -Wl,-search_paths_first '
LDFLAGS_DEFAULT=' -prebind -headerpad_max_install_names -Wl,-search_paths_first '
LD_LIBRARY_PATH_VAR='DYLD_LIBRARY_PATH'
LIBOBJS=''
LIBS=''
LTLIBOBJS=''
MAKE_LIB='${SHLIB_LD} -o $@ $(PKG_OBJECTS) ${SHLIB_LD_LIBS} '
MAKE_SHARED_LIB='${SHLIB_LD} -o $@ $(PKG_OBJECTS) ${SHLIB_LD_LIBS}'
MAKE_STATIC_LIB='${STLIB_LD} $@ $(PKG_OBJECTS)'
MAKE_STUB_LIB='${STLIB_LD} $@ $(PKG_STUB_OBJECTS)'
MATH_LIBS=''
OBJEXT='o'
PACKAGE_BUGREPORT=''
PACKAGE_NAME='xotclexpat'
PACKAGE_STRING='xotclexpat 0.9'
PACKAGE_TARNAME='xotclexpat'
PACKAGE_VERSION='0.9'
PATH_SEPARATOR=':'
PKG_CFLAGS=' '
PKG_HEADERS=''
PKG_INCLUDES=' -I/Users/neumann/src/xotcl-1.6.6/generic -I./generic'
PKG_LIBS=' -L/Users/neumann/src/xotcl-1.6.6 -lxotclstub1.6.6'
PKG_LIB_FILE='libxotclexpat0.9.dylib'
PKG_OBJECTS=' xmltok.o unixfilemap.o xmlrole.o xmlwf.o codepage.o xmlparse.o hashtable.o tclexpat.o'
PKG_SOURCES=' xmltok.c unixfilemap.c xmlrole.c xmlwf.c codepage.c xmlparse.c hashtable.c tclexpat.c'
PKG_STUB_LIB_FILE='libxotclexpatstub0.9.a'
PKG_STUB_OBJECTS=''
PKG_STUB_SOURCES=''
PKG_TCL_SOURCES=''
RANLIB=':'
RANLIB_STUB='ranlib'
SET_MAKE=''
SHARED_BUILD='1'
SHELL='/bin/sh'
SHLIB_CFLAGS='-fno-common'
SHLIB_LD='${CC} -dynamiclib ${CFLAGS} ${LDFLAGS_DEFAULT} -Wl,-single_module -current_version 0.9 -compatibility_version 0.9'
SHLIB_LD_LIBS='${LIBS} -L/usr/local/src/tcl8.5.8/unix -ltclstub8.5'
STLIB_LD='${AR} cr'
TCLSH_PROG='/usr/local/src/tcl8.5.8/unix/tclsh'
TCL_BIN_DIR='/usr/local/src/tcl8.5.8/unix'
TCL_DBGX=''
TCL_DEFS='-DPACKAGE_NAME=\"tcl\" -DPACKAGE_TARNAME=\"tcl\" -DPACKAGE_VERSION=\"8.5\" -DPACKAGE_STRING=\"tcl\ 8.5\" -DPACKAGE_BUGREPORT=\"\" -DSTDC_HEADERS=1 -DHAVE_SYS_TYPES_H=1 -DHAVE_SYS_STAT_H=1 -DHAVE_STDLIB_H=1 -DHAVE_STRING_H=1 -DHAVE_MEMORY_H=1 -DHAVE_STRINGS_H=1 -DHAVE_INTTYPES_H=1 -DHAVE_STDINT_H=1 -DHAVE_UNISTD_H=1 -DNO_VALUES_H=1 -DHAVE_LIMITS_H=1 -DHAVE_SYS_PARAM_H=1 -DUSE_THREAD_ALLOC=1 -D_REENTRANT=1 -D_THREAD_SAFE=1 -DHAVE_PTHREAD_ATTR_SETSTACKSIZE=1 -DHAVE_PTHREAD_GET_STACKSIZE_NP=1 -DTCL_THREADS=1 -DTCL_CFGVAL_ENCODING=\"iso8859-1\" -DMODULE_SCOPE=extern\ __attribute__\(\(__visibility__\(\"hidden\"\)\)\) -DMAC_OSX_TCL=1 -DTCL_SHLIB_EXT=\".dylib\" -DTCL_CFG_DEBUG=1 -DTCL_TOMMATH=1 -DMP_PREC=4 -DTCL_WIDE_INT_IS_LONG=1 -DHAVE_GETCWD=1 -DHAVE_OPENDIR=1 -DHAVE_STRTOL=1 -DHAVE_WAITPID=1 -DHAVE_GETADDRINFO=1 -DHAVE_GETPWUID_R_5=1 -DHAVE_GETPWUID_R=1 -DHAVE_GETPWNAM_R_5=1 -DHAVE_GETPWNAM_R=1 -DHAVE_GETGRGID_R_5=1 -DHAVE_GETGRGID_R=1 -DHAVE_GETGRNAM_R_5=1 -DHAVE_GETGRNAM_R=1 -DHAVE_MTSAFE_GETHOSTBYNAME=1 -DHAVE_MTSAFE_GETHOSTBYADDR=1 -DUSE_TERMIOS=1 -DHAVE_SYS_TIME_H=1 -DTIME_WITH_SYS_TIME=1 -DHAVE_STRUCT_TM_TM_ZONE=1 -DHAVE_TM_ZONE=1 -DHAVE_GMTIME_R=1 -DHAVE_LOCALTIME_R=1 -DHAVE_MKTIME=1 -DHAVE_TM_GMTOFF=1 -DHAVE_TIMEZONE_VAR=1 -DHAVE_STRUCT_STAT_ST_BLKSIZE=1 -DHAVE_ST_BLKSIZE=1 -DHAVE_INTPTR_T=1 -DHAVE_UINTPTR_T=1 -DHAVE_SIGNED_CHAR=1 -DHAVE_LANGINFO=1 -DHAVE_CHFLAGS=1 -DHAVE_GETATTRLIST=1 -DHAVE_COPYFILE_H=1 -DHAVE_COPYFILE=1 -DUSE_VFORK=1 -DTCL_DEFAULT_ENCODING=\"utf-8\" -DTCL_LOAD_FROM_MEMORY=1 -DTCL_WIDE_CLICKS=1 -DHAVE_AVAILABILITYMACROS_H=1 -DHAVE_WEAK_IMPORT=1 -D_DARWIN_C_SOURCE=1 -DHAVE_FTS=1 -DHAVE_SYS_IOCTL_H=1 -DHAVE_SYS_FILIO_H=1 -DTCL_UNLOAD_DLLS=1 '
TCL_EXTRA_CFLAGS='-pipe   '
TCL_INCLUDES='-I"/usr/local/src/tcl8.5.8/generic"'
TCL_LD_FLAGS=' -prebind -headerpad_max_install_names -Wl,-search_paths_first '
TCL_LIBS='${DL_LIBS} ${LIBS} ${MATH_LIBS}'
TCL_LIB_FILE='libtcl8.5.dylib'
TCL_LIB_FLAG='-ltcl8.5'
TCL_LIB_SPEC='-L/usr/local/src/tcl8.5.8/unix -ltcl8.5'
TCL_SHLIB_LD_LIBS='${LIBS}'
TCL_SRC_DIR='/usr/local/src/tcl8.5.8'
TCL_STUB_LIB_FILE='libtclstub8.5.a'
TCL_STUB_LIB_FLAG='-ltclstub8.5'
TCL_STUB_LIB_SPEC='-L/usr/local/src/tcl8.5.8/unix -ltclstub8.5'
TCL_THREADS='1'
TCL_VERSION='8.5'
ac_ct_CC='gcc'
bindir='${exec_prefix}/bin'
build_alias=''
datadir='${datarootdir}'
datarootdir='${prefix}/share'
docdir='${datarootdir}/doc/${PACKAGE_TARNAME}'
dvidir='${docdir}'
exec_prefix='/usr/local/ns'
host_alias=''
htmldir='${docdir}'
includedir='${prefix}/include'
infodir='${datarootdir}/info'
libdir='${exec_prefix}/lib'
libexecdir='${exec_prefix}/libexec'
localedir='${datarootdir}/locale'
localstatedir='${prefix}/var'
mandir='${datarootdir}/man'
oldincludedir='/usr/include'
pdfdir='${docdir}'
prefix='/usr/local/ns'
program_transform_name='s,x,x,'
psdir='${docdir}'
sbindir='${exec_prefix}/sbin'
sharedstatedir='${prefix}/com'
sysconfdir='${prefix}/etc'
target_alias=''

## ----------- ##
## confdefs.h. ##
## ----------- ##

#define PACKAGE_NAME "xotclexpat"
#define PACKAGE_TARNAME "xotclexpat"
#define PACKAGE_VERSION "0.9"
#define PACKAGE_STRING "xotclexpat 0.9"
#define PACKAGE_BUGREPORT ""
#define STDC_HEADERS 1
#define HAVE_SYS_TYPES_H 1
#define HAVE_SYS_STAT_H 1
#define HAVE_STDLIB_H 1
#define HAVE_STRING_H 1
#define HAVE_MEMORY_H 1
#define HAVE_STRINGS_H 1
#define HAVE_INTTYPES_H 1
#define HAVE_STDINT_H 1
#define HAVE_UNISTD_H 1
#define NO_VALUES_H 1
#define HAVE_LIMITS_H 1
#define HAVE_SYS_PARAM_H 1
#define USE_THREAD_ALLOC 1
#define _REENTRANT 1
#define _THREAD_SAFE 1
#define TCL_THREADS 1
#define MODULE_SCOPE extern __attribute__((__visibility__("hidden")))
#define TCL_WIDE_INT_IS_LONG 1
#define USE_TCL_STUBS 1

configure: exit 0
