This file contains any messages produced by compilers while
running configure, to aid debugging if configure makes a mistake.

It was created by xotclexpat configure 0.9, which was
generated by GNU Autoconf 2.57.  Invocation command line was

  $ ./configure --prefix=/usr --enable-threads --prefix=/usr --with-all --cache-file=/dev/null --srcdir=.

## --------- ##
## Platform. ##
## --------- ##

hostname = localhost.localdomain
uname -m = i686
uname -r = 2.4.22-1.2188.nptl
uname -s = Linux
uname -v = #1 Wed Apr 21 20:36:05 EDT 2004

/usr/bin/uname -p = unknown
/bin/uname -X     = unknown

/bin/arch              = i686
/usr/bin/arch -k       = unknown
/usr/convex/getsysinfo = unknown
hostinfo               = unknown
/bin/machine           = unknown
/usr/bin/oslevel       = unknown
/bin/universe          = unknown

PATH: .
PATH: /home/neumann/bin
PATH: .
PATH: /home/neumann/bin
PATH: /usr/local/bin
PATH: /usr/bin
PATH: /bin
PATH: /usr/X11R6/bin
PATH: /usr/X11R6/bin
PATH: /sbin
PATH: /usr/sbin
PATH: /opt/bin
PATH: /usr/X11R6/bin
PATH: /sbin
PATH: /usr/sbin
PATH: /opt/bin


## ----------- ##
## Core tests. ##
## ----------- ##

configure:1294: checking for correct TEA configuration
configure:1313: result: ok
configure:1433: checking for Tcl configuration
configure:1505: result: found /usr/lib/tclConfig.sh
configure:1511: checking for existence of /usr/lib/tclConfig.sh
configure:1515: result: loading
configure:1670: checking for gcc
configure:1686: found /usr/bin/gcc
configure:1696: result: gcc
configure:1940: checking for C compiler version
configure:1943: gcc --version </dev/null >&5
gcc (GCC) 3.3.2 20031022 (Red Hat Linux 3.3.2-1)
Copyright (C) 2003 Free Software Foundation, Inc.
This is free software; see the source for copying conditions.  There is NO
warranty; not even for MERCHANTABILITY or FITNESS FOR A PARTICULAR PURPOSE.

configure:1946: $? = 0
configure:1948: gcc -v </dev/null >&5
Reading specs from /usr/lib/gcc-lib/i386-redhat-linux/3.3.2/specs
Configured with: ../configure --prefix=/usr --mandir=/usr/share/man --infodir=/usr/share/info --enable-shared --enable-threads=posix --disable-checking --with-system-zlib --enable-__cxa_atexit --host=i386-redhat-linux
Thread model: posix
gcc version 3.3.2 20031022 (Red Hat Linux 3.3.2-1)
configure:1951: $? = 0
configure:1953: gcc -V </dev/null >&5
gcc: `-V' option must have argument
configure:1956: $? = 1
configure:1980: checking for C compiler default output
configure:1983: gcc    conftest.c  >&5
configure:1986: $? = 0
configure:2032: result: a.out
configure:2037: checking whether the C compiler works
configure:2043: ./a.out
configure:2046: $? = 0
configure:2063: result: yes
configure:2070: checking whether we are cross compiling
configure:2072: result: no
configure:2075: checking for suffix of executables
configure:2077: gcc -o conftest    conftest.c  >&5
configure:2080: $? = 0
configure:2105: result: 
configure:2111: checking for suffix of object files
configure:2133: gcc -c   conftest.c >&5
configure:2136: $? = 0
configure:2158: result: o
configure:2162: checking whether we are using the GNU C compiler
configure:2187: gcc -c   conftest.c >&5
configure:2190: $? = 0
configure:2193: test -s conftest.o
configure:2196: $? = 0
configure:2209: result: yes
configure:2215: checking whether gcc accepts -g
configure:2237: gcc -c -g  conftest.c >&5
configure:2240: $? = 0
configure:2243: test -s conftest.o
configure:2246: $? = 0
configure:2257: result: yes
configure:2274: checking for gcc option to accept ANSI C
configure:2335: gcc  -c   conftest.c >&5
configure:2338: $? = 0
configure:2341: test -s conftest.o
configure:2344: $? = 0
configure:2362: result: none needed
configure:2380: gcc -c   conftest.c >&5
conftest.c:2: error: syntax error before "me"
configure:2383: $? = 1
configure: failed program was:
| #ifndef __cplusplus
|   choke me
| #endif
configure:2497: checking how to run the C preprocessor
configure:2533: gcc -E  conftest.c
configure:2539: $? = 0
configure:2571: gcc -E  conftest.c
configure:2570:28: ac_nonexistent.h: No such file or directory
configure:2577: $? = 1
configure: failed program was:
| #line 2562 "configure"
| /* confdefs.h.  */
| 
| #define PACKAGE_NAME "xotclexpat"
| #define PACKAGE_TARNAME "xotclexpat"
| #define PACKAGE_VERSION "0.9"
| #define PACKAGE_STRING "xotclexpat 0.9"
| #define PACKAGE_BUGREPORT ""
| /* end confdefs.h.  */
| #include <ac_nonexistent.h>
configure:2615: result: gcc -E
configure:2640: gcc -E  conftest.c
configure:2646: $? = 0
configure:2678: gcc -E  conftest.c
configure:2677:28: ac_nonexistent.h: No such file or directory
configure:2684: $? = 1
configure: failed program was:
| #line 2669 "configure"
| /* confdefs.h.  */
| 
| #define PACKAGE_NAME "xotclexpat"
| #define PACKAGE_TARNAME "xotclexpat"
| #define PACKAGE_VERSION "0.9"
| #define PACKAGE_STRING "xotclexpat 0.9"
| #define PACKAGE_BUGREPORT ""
| /* end confdefs.h.  */
| #include <ac_nonexistent.h>
configure:2739: checking for a BSD-compatible install
configure:2793: result: /usr/bin/install -c
configure:2809: checking whether make sets $(MAKE)
configure:2829: result: yes
configure:2884: checking for ranlib
configure:2900: found /usr/bin/ranlib
configure:2911: result: ranlib
configure:2933: checking for egrep
configure:2943: result: grep -E
configure:2948: checking for ANSI C header files
configure:2974: gcc -c   conftest.c >&5
configure:2977: $? = 0
configure:2980: test -s conftest.o
configure:2983: $? = 0
configure:3072: gcc -o conftest    conftest.c  >&5
configure:3075: $? = 0
configure:3077: ./conftest
configure:3080: $? = 0
configure:3095: result: yes
configure:3119: checking for sys/types.h
configure:3136: gcc -c   conftest.c >&5
configure:3139: $? = 0
configure:3142: test -s conftest.o
configure:3145: $? = 0
configure:3156: result: yes
configure:3119: checking for sys/stat.h
configure:3136: gcc -c   conftest.c >&5
configure:3139: $? = 0
configure:3142: test -s conftest.o
configure:3145: $? = 0
configure:3156: result: yes
configure:3119: checking for stdlib.h
configure:3136: gcc -c   conftest.c >&5
configure:3139: $? = 0
configure:3142: test -s conftest.o
configure:3145: $? = 0
configure:3156: result: yes
configure:3119: checking for string.h
configure:3136: gcc -c   conftest.c >&5
configure:3139: $? = 0
configure:3142: test -s conftest.o
configure:3145: $? = 0
configure:3156: result: yes
configure:3119: checking for memory.h
configure:3136: gcc -c   conftest.c >&5
configure:3139: $? = 0
configure:3142: test -s conftest.o
configure:3145: $? = 0
configure:3156: result: yes
configure:3119: checking for strings.h
configure:3136: gcc -c   conftest.c >&5
configure:3139: $? = 0
configure:3142: test -s conftest.o
configure:3145: $? = 0
configure:3156: result: yes
configure:3119: checking for inttypes.h
configure:3136: gcc -c   conftest.c >&5
configure:3139: $? = 0
configure:3142: test -s conftest.o
configure:3145: $? = 0
configure:3156: result: yes
configure:3119: checking for stdint.h
configure:3136: gcc -c   conftest.c >&5
configure:3139: $? = 0
configure:3142: test -s conftest.o
configure:3145: $? = 0
configure:3156: result: yes
configure:3119: checking for unistd.h
configure:3136: gcc -c   conftest.c >&5
configure:3139: $? = 0
configure:3142: test -s conftest.o
configure:3145: $? = 0
configure:3156: result: yes
configure:3178: checking if the compiler understands -pipe
configure:3199: gcc -pipe -c   conftest.c >&5
configure:3202: $? = 0
configure:3205: test -s conftest.o
configure:3208: $? = 0
configure:3210: result: yes
configure:3228: checking for required early compiler flags
configure:3252: gcc -pipe -c   conftest.c >&5
configure:3255: $? = 0
configure:3258: test -s conftest.o
configure:3261: $? = 0
configure:3338: gcc -pipe -c   conftest.c >&5
configure: In function `main':
configure:3343: error: storage size of `buf' isn't known
configure:3341: $? = 1
configure: failed program was:
| #line 3321 "configure"
| /* confdefs.h.  */
| 
| #define PACKAGE_NAME "xotclexpat"
| #define PACKAGE_TARNAME "xotclexpat"
| #define PACKAGE_VERSION "0.9"
| #define PACKAGE_STRING "xotclexpat 0.9"
| #define PACKAGE_BUGREPORT ""
| #define STDC_HEADERS 1
| #define HAVE_SYS_TYPES_H 1
| #define HAVE_SYS_STAT_H 1
| #define HAVE_STDLIB_H 1
| #define HAVE_STRING_H 1
| #define HAVE_MEMORY_H 1
| #define HAVE_STRINGS_H 1
| #define HAVE_INTTYPES_H 1
| #define HAVE_STDINT_H 1
| #define HAVE_UNISTD_H 1
| /* end confdefs.h.  */
| #include <sys/stat.h>
| int
| main ()
| {
| struct stat64 buf; int i = stat64("/", &buf);
|   ;
|   return 0;
| }
configure:3372: gcc -pipe -c   conftest.c >&5
configure:3375: $? = 0
configure:3378: test -s conftest.o
configure:3381: $? = 0
configure:3407: result:  _LARGEFILE64_SOURCE
configure:3412: checking for 64-bit integer type
configure:3435: gcc -pipe -c   conftest.c >&5
configure: In function `main':
configure:3441: error: `__int64' undeclared (first use in this function)
configure:3441: error: (Each undeclared identifier is reported only once
configure:3441: error: for each function it appears in.)
configure:3441: error: syntax error before "value"
configure:3438: $? = 1
configure: failed program was:
| #line 3418 "configure"
| /* confdefs.h.  */
| 
| #define PACKAGE_NAME "xotclexpat"
| #define PACKAGE_TARNAME "xotclexpat"
| #define PACKAGE_VERSION "0.9"
| #define PACKAGE_STRING "xotclexpat 0.9"
| #define PACKAGE_BUGREPORT ""
| #define STDC_HEADERS 1
| #define HAVE_SYS_TYPES_H 1
| #define HAVE_SYS_STAT_H 1
| #define HAVE_STDLIB_H 1
| #define HAVE_STRING_H 1
| #define HAVE_MEMORY_H 1
| #define HAVE_STRINGS_H 1
| #define HAVE_INTTYPES_H 1
| #define HAVE_STDINT_H 1
| #define HAVE_UNISTD_H 1
| #define _LARGEFILE64_SOURCE 1
| /* end confdefs.h.  */
| 
| int
| main ()
| {
| __int64 value = (__int64) 0;
|   ;
|   return 0;
| }
configure:3471: gcc -pipe -o conftest    conftest.c  >&5
configure:3474: $? = 0
configure:3476: ./conftest
configure:3479: $? = 0
configure:3507: result: long long
configure:3511: checking for struct dirent64
configure:3535: gcc -pipe -c   conftest.c >&5
configure:3538:24: sys/dirent.h: No such file or directory
configure: In function `main':
configure:3542: error: storage size of `p' isn't known
configure:3538: $? = 1
configure: failed program was:
| #line 3517 "configure"
| /* confdefs.h.  */
| 
| #define PACKAGE_NAME "xotclexpat"
| #define PACKAGE_TARNAME "xotclexpat"
| #define PACKAGE_VERSION "0.9"
| #define PACKAGE_STRING "xotclexpat 0.9"
| #define PACKAGE_BUGREPORT ""
| #define STDC_HEADERS 1
| #define HAVE_SYS_TYPES_H 1
| #define HAVE_SYS_STAT_H 1
| #define HAVE_STDLIB_H 1
| #define HAVE_STRING_H 1
| #define HAVE_MEMORY_H 1
| #define HAVE_STRINGS_H 1
| #define HAVE_INTTYPES_H 1
| #define HAVE_STDINT_H 1
| #define HAVE_UNISTD_H 1
| #define _LARGEFILE64_SOURCE 1
| #define TCL_WIDE_INT_TYPE long long
| /* end confdefs.h.  */
| #include <sys/types.h>
| #include <sys/dirent.h>
| int
| main ()
| {
| struct dirent64 p;
|   ;
|   return 0;
| }
configure:3562: result: no
configure:3565: checking for struct stat64
configure:3589: gcc -pipe -c   conftest.c >&5
configure:3592: $? = 0
configure:3595: test -s conftest.o
configure:3598: $? = 0
configure:3616: result: yes
configure:3619: checking for off64_t
configure:3643: gcc -pipe -c   conftest.c >&5
configure:3646: $? = 0
configure:3649: test -s conftest.o
configure:3652: $? = 0
configure:3670: result: yes
configure:3674: checking whether byte ordering is bigendian
configure:3702: gcc -pipe -c   conftest.c >&5
configure:3705: $? = 0
configure:3708: test -s conftest.o
configure:3711: $? = 0
configure:3736: gcc -pipe -c   conftest.c >&5
configure: In function `main':
configure:3743: error: `not' undeclared (first use in this function)
configure:3743: error: (Each undeclared identifier is reported only once
configure:3743: error: for each function it appears in.)
configure:3743: error: syntax error before "big"
configure:3739: $? = 1
configure: failed program was:
| #line 3714 "configure"
| /* confdefs.h.  */
| 
| #define PACKAGE_NAME "xotclexpat"
| #define PACKAGE_TARNAME "xotclexpat"
| #define PACKAGE_VERSION "0.9"
| #define PACKAGE_STRING "xotclexpat 0.9"
| #define PACKAGE_BUGREPORT ""
| #define STDC_HEADERS 1
| #define HAVE_SYS_TYPES_H 1
| #define HAVE_SYS_STAT_H 1
| #define HAVE_STDLIB_H 1
| #define HAVE_STRING_H 1
| #define HAVE_MEMORY_H 1
| #define HAVE_STRINGS_H 1
| #define HAVE_INTTYPES_H 1
| #define HAVE_STDINT_H 1
| #define HAVE_UNISTD_H 1
| #define _LARGEFILE64_SOURCE 1
| #define TCL_WIDE_INT_TYPE long long
| #define HAVE_STRUCT_STAT64 1
| #define HAVE_TYPE_OFF64_T 1
| /* end confdefs.h.  */
| #include <sys/types.h>
| #include <sys/param.h>
| 
| int
| main ()
| {
| #if BYTE_ORDER != BIG_ENDIAN
|  not big endian
| #endif
| 
|   ;
|   return 0;
| }
configure:3859: result: no
configure:3887: checking for sin
configure:3937: gcc -pipe -o conftest    conftest.c  >&5
configure:3930: warning: conflicting types for built-in function `sin'
/tmp/ccY0yOcH.o(.text+0x16): In function `main':
: undefined reference to `sin'
/tmp/ccY0yOcH.o(.data+0x0): undefined reference to `sin'
collect2: ld returned 1 exit status
configure:3940: $? = 1
configure: failed program was:
| #line 3892 "configure"
| /* confdefs.h.  */
| 
| #define PACKAGE_NAME "xotclexpat"
| #define PACKAGE_TARNAME "xotclexpat"
| #define PACKAGE_VERSION "0.9"
| #define PACKAGE_STRING "xotclexpat 0.9"
| #define PACKAGE_BUGREPORT ""
| #define STDC_HEADERS 1
| #define HAVE_SYS_TYPES_H 1
| #define HAVE_SYS_STAT_H 1
| #define HAVE_STDLIB_H 1
| #define HAVE_STRING_H 1
| #define HAVE_MEMORY_H 1
| #define HAVE_STRINGS_H 1
| #define HAVE_INTTYPES_H 1
| #define HAVE_STDINT_H 1
| #define HAVE_UNISTD_H 1
| #define _LARGEFILE64_SOURCE 1
| #define TCL_WIDE_INT_TYPE long long
| #define HAVE_STRUCT_STAT64 1
| #define HAVE_TYPE_OFF64_T 1
| /* end confdefs.h.  */
| /* System header to define __stub macros and hopefully few prototypes,
|     which can conflict with char sin (); below.
|     Prefer <limits.h> to <assert.h> if __STDC__ is defined, since
|     <limits.h> exists even on freestanding compilers.  */
| #ifdef __STDC__
| # include <limits.h>
| #else
| # include <assert.h>
| #endif
| /* Override any gcc2 internal prototype to avoid an error.  */
| #ifdef __cplusplus
| extern "C"
| {
| #endif
| /* We use char because int might match the return type of a gcc2
|    builtin and then its argument prototype would still apply.  */
| char sin ();
| /* The GNU C library defines this for functions which it implements
|     to always fail with ENOSYS.  Some functions are actually named
|     something starting with __ and the normal name is an alias.  */
| #if defined (__stub_sin) || defined (__stub___sin)
| choke me
| #else
| char (*f) () = sin;
| #endif
| #ifdef __cplusplus
| }
| #endif
| 
| int
| main ()
| {
| return f != sin;
|   ;
|   return 0;
| }
configure:3957: result: no
configure:3965: checking for main in -lieee
configure:3990: gcc -pipe -o conftest    conftest.c -lieee   >&5
configure:3993: $? = 0
configure:3996: test -s conftest
configure:3999: $? = 0
configure:4011: result: yes
configure:4023: checking for main in -linet
configure:4048: gcc -pipe -o conftest    conftest.c -linet   >&5
/usr/bin/ld: cannot find -linet
collect2: ld returned 1 exit status
configure:4051: $? = 1
configure: failed program was:
| #line 4030 "configure"
| /* confdefs.h.  */
| 
| #define PACKAGE_NAME "xotclexpat"
| #define PACKAGE_TARNAME "xotclexpat"
| #define PACKAGE_VERSION "0.9"
| #define PACKAGE_STRING "xotclexpat 0.9"
| #define PACKAGE_BUGREPORT ""
| #define STDC_HEADERS 1
| #define HAVE_SYS_TYPES_H 1
| #define HAVE_SYS_STAT_H 1
| #define HAVE_STDLIB_H 1
| #define HAVE_STRING_H 1
| #define HAVE_MEMORY_H 1
| #define HAVE_STRINGS_H 1
| #define HAVE_INTTYPES_H 1
| #define HAVE_STDINT_H 1
| #define HAVE_UNISTD_H 1
| #define _LARGEFILE64_SOURCE 1
| #define TCL_WIDE_INT_TYPE long long
| #define HAVE_STRUCT_STAT64 1
| #define HAVE_TYPE_OFF64_T 1
| /* end confdefs.h.  */
| 
| 
| int
| main ()
| {
| main ();
|   ;
|   return 0;
| }
configure:4069: result: no
configure:4085: checking net/errno.h usability
configure:4098: gcc -pipe -c   conftest.c >&5
configure:4143:23: net/errno.h: No such file or directory
configure:4101: $? = 1
configure: failed program was:
| #line 4087 "configure"
| /* confdefs.h.  */
| 
| #define PACKAGE_NAME "xotclexpat"
| #define PACKAGE_TARNAME "xotclexpat"
| #define PACKAGE_VERSION "0.9"
| #define PACKAGE_STRING "xotclexpat 0.9"
| #define PACKAGE_BUGREPORT ""
| #define STDC_HEADERS 1
| #define HAVE_SYS_TYPES_H 1
| #define HAVE_SYS_STAT_H 1
| #define HAVE_STDLIB_H 1
| #define HAVE_STRING_H 1
| #define HAVE_MEMORY_H 1
| #define HAVE_STRINGS_H 1
| #define HAVE_INTTYPES_H 1
| #define HAVE_STDINT_H 1
| #define HAVE_UNISTD_H 1
| #define _LARGEFILE64_SOURCE 1
| #define TCL_WIDE_INT_TYPE long long
| #define HAVE_STRUCT_STAT64 1
| #define HAVE_TYPE_OFF64_T 1
| /* end confdefs.h.  */
| #include <stdio.h>
| #if HAVE_SYS_TYPES_H
| # include <sys/types.h>
| #endif
| #if HAVE_SYS_STAT_H
| # include <sys/stat.h>
| #endif
| #if STDC_HEADERS
| # include <stdlib.h>
| # include <stddef.h>
| #else
| # if HAVE_STDLIB_H
| #  include <stdlib.h>
| # endif
| #endif
| #if HAVE_STRING_H
| # if !STDC_HEADERS && HAVE_MEMORY_H
| #  include <memory.h>
| # endif
| # include <string.h>
| #endif
| #if HAVE_STRINGS_H
| # include <strings.h>
| #endif
| #if HAVE_INTTYPES_H
| # include <inttypes.h>
| #else
| # if HAVE_STDINT_H
| #  include <stdint.h>
| # endif
| #endif
| #if HAVE_UNISTD_H
| # include <unistd.h>
| #endif
| #include <net/errno.h>
configure:4117: result: no
configure:4121: checking net/errno.h presence
configure:4132: gcc -E  conftest.c
configure:4145:23: net/errno.h: No such file or directory
configure:4138: $? = 1
configure: failed program was:
| #line 4123 "configure"
| /* confdefs.h.  */
| 
| #define PACKAGE_NAME "xotclexpat"
| #define PACKAGE_TARNAME "xotclexpat"
| #define PACKAGE_VERSION "0.9"
| #define PACKAGE_STRING "xotclexpat 0.9"
| #define PACKAGE_BUGREPORT ""
| #define STDC_HEADERS 1
| #define HAVE_SYS_TYPES_H 1
| #define HAVE_SYS_STAT_H 1
| #define HAVE_STDLIB_H 1
| #define HAVE_STRING_H 1
| #define HAVE_MEMORY_H 1
| #define HAVE_STRINGS_H 1
| #define HAVE_INTTYPES_H 1
| #define HAVE_STDINT_H 1
| #define HAVE_UNISTD_H 1
| #define _LARGEFILE64_SOURCE 1
| #define TCL_WIDE_INT_TYPE long long
| #define HAVE_STRUCT_STAT64 1
| #define HAVE_TYPE_OFF64_T 1
| /* end confdefs.h.  */
| #include <net/errno.h>
configure:4157: result: no
configure:4193: checking for net/errno.h
configure:4200: result: no
configure:4232: checking for connect
configure:4282: gcc -pipe -o conftest    conftest.c  >&5
configure:4285: $? = 0
configure:4288: test -s conftest
configure:4291: $? = 0
configure:4302: result: yes
configure:4531: checking for gethostbyname
configure:4581: gcc -pipe -o conftest    conftest.c  >&5
configure:4584: $? = 0
configure:4587: test -s conftest
configure:4590: $? = 0
configure:4601: result: yes
configure:4675: checking dirent.h
configure:4713: gcc -pipe -o conftest    conftest.c  >&5
configure:4716: $? = 0
configure:4719: test -s conftest
configure:4722: $? = 0
configure:4740: result: yes
configure:4752: checking errno.h usability
configure:4765: gcc -pipe -c   conftest.c >&5
configure:4768: $? = 0
configure:4771: test -s conftest.o
configure:4774: $? = 0
configure:4784: result: yes
configure:4788: checking errno.h presence
configure:4799: gcc -E  conftest.c
configure:4805: $? = 0
configure:4824: result: yes
configure:4860: checking for errno.h
configure:4867: result: yes
configure:4891: checking float.h usability
configure:4904: gcc -pipe -c   conftest.c >&5
configure:4907: $? = 0
configure:4910: test -s conftest.o
configure:4913: $? = 0
configure:4923: result: yes
configure:4927: checking float.h presence
configure:4938: gcc -E  conftest.c
configure:4944: $? = 0
configure:4963: result: yes
configure:4999: checking for float.h
configure:5006: result: yes
configure:5030: checking values.h usability
configure:5043: gcc -pipe -c   conftest.c >&5
configure:5046: $? = 0
configure:5049: test -s conftest.o
configure:5052: $? = 0
configure:5062: result: yes
configure:5066: checking values.h presence
configure:5077: gcc -E  conftest.c
configure:5083: $? = 0
configure:5102: result: yes
configure:5138: checking for values.h
configure:5145: result: yes
configure:5169: checking limits.h usability
configure:5182: gcc -pipe -c   conftest.c >&5
configure:5185: $? = 0
configure:5188: test -s conftest.o
configure:5191: $? = 0
configure:5201: result: yes
configure:5205: checking limits.h presence
configure:5216: gcc -E  conftest.c
configure:5222: $? = 0
configure:5241: result: yes
configure:5277: checking for limits.h
configure:5284: result: yes
configure:5299: checking for stdlib.h
configure:5304: result: yes
configure:5495: checking for string.h
configure:5500: result: yes
configure:5687: checking sys/wait.h usability
configure:5700: gcc -pipe -c   conftest.c >&5
configure:5703: $? = 0
configure:5706: test -s conftest.o
configure:5709: $? = 0
configure:5719: result: yes
configure:5723: checking sys/wait.h presence
configure:5734: gcc -E  conftest.c
configure:5740: $? = 0
configure:5759: result: yes
configure:5795: checking for sys/wait.h
configure:5802: result: yes
configure:5826: checking dlfcn.h usability
configure:5839: gcc -pipe -c   conftest.c >&5
configure:5842: $? = 0
configure:5845: test -s conftest.o
configure:5848: $? = 0
configure:5858: result: yes
configure:5862: checking dlfcn.h presence
configure:5873: gcc -E  conftest.c
configure:5879: $? = 0
configure:5898: result: yes
configure:5934: checking for dlfcn.h
configure:5941: result: yes
configure:5967: checking for limits.h
configure:5972: result: yes
configure:5967: checking for unistd.h
configure:5972: result: yes
configure:5976: checking sys/param.h usability
configure:5989: gcc -pipe -c   conftest.c >&5
configure:5992: $? = 0
configure:5995: test -s conftest.o
configure:5998: $? = 0
configure:6008: result: yes
configure:6012: checking sys/param.h presence
configure:6023: gcc -E  conftest.c
configure:6029: $? = 0
configure:6048: result: yes
configure:6084: checking for sys/param.h
configure:6091: result: yes
configure:6139: checking for XOTcl configuration
configure:6200: result: found /home/neumann/xotcl-1.2.1/xotclConfig.sh
configure:6206: checking for existence of /home/neumann/xotcl-1.2.1/xotclConfig.sh
configure:6210: result: loading
configure:6379: checking for Tcl public headers
configure:6434: result: /usr/include
configure:6482: checking for pthread_mutex_init in -lpthread
configure:6513: gcc -pipe -o conftest    conftest.c -lpthread   >&5
configure:6516: $? = 0
configure:6519: test -s conftest
configure:6522: $? = 0
configure:6534: result: yes
configure:6821: checking for pthread_attr_setstacksize
configure:6871: gcc -pipe -o conftest    conftest.c   -lpthread >&5
configure:6874: $? = 0
configure:6877: test -s conftest
configure:6880: $? = 0
configure:6891: result: yes
configure:6906: checking for readdir_r
configure:6956: gcc -pipe -o conftest    conftest.c  >&5
configure:6959: $? = 0
configure:6962: test -s conftest
configure:6965: $? = 0
configure:6976: result: yes
configure:6991: checking for building with threads
configure:6998: result: yes
configure:7037: checking how to build libraries
configure:7055: result: shared
configure:7081: checking if 64bit support is enabled
configure:7090: result: no
configure:7095: checking if 64bit Sparc VIS support is requested
configure:7104: result: no
configure:7132: checking system version (for dynamic loading)
configure:7155: result: Linux-2.4.22-1.2188.nptl
configure:7163: checking for dlopen in -ldl
configure:7194: gcc -pipe -o conftest    conftest.c -ldl   >&5
configure:7197: $? = 0
configure:7200: test -s conftest
configure:7203: $? = 0
configure:7215: result: yes
configure:7245: checking for ar
configure:7261: found /usr/bin/ar
configure:7271: result: ar
configure:9157: checking for build with symbols
configure:9171: result: no
configure:9306: checking for tclsh
configure:9337: result: /usr/lib/../bin/tclsh8.4
configure:9481: creating ./config.status

## ---------------------- ##
## Running config.status. ##
## ---------------------- ##

This file was extended by xotclexpat config.status 0.9, which was
generated by GNU Autoconf 2.57.  Invocation command line was

  CONFIG_FILES    = 
  CONFIG_HEADERS  = 
  CONFIG_LINKS    = 
  CONFIG_COMMANDS = 
  $ ./config.status 

on localhost.localdomain

config.status:675: creating Makefile

## ---------------- ##
## Cache variables. ##
## ---------------- ##

ac_cv_c_bigendian=no
ac_cv_c_compiler_gnu=yes
ac_cv_c_tclconfig=/usr/lib
ac_cv_c_tclh=/usr/include
ac_cv_c_xotclconfig=/home/neumann/xotcl-1.2.1
ac_cv_env_CC_set=
ac_cv_env_CC_value=
ac_cv_env_CFLAGS_set=
ac_cv_env_CFLAGS_value=
ac_cv_env_CPPFLAGS_set=
ac_cv_env_CPPFLAGS_value=
ac_cv_env_CPP_set=
ac_cv_env_CPP_value=
ac_cv_env_LDFLAGS_set=
ac_cv_env_LDFLAGS_value=
ac_cv_env_build_alias_set=
ac_cv_env_build_alias_value=
ac_cv_env_host_alias_set=
ac_cv_env_host_alias_value=
ac_cv_env_target_alias_set=
ac_cv_env_target_alias_value=
ac_cv_exeext=
ac_cv_func_connect=yes
ac_cv_func_gethostbyname=yes
ac_cv_func_pthread_attr_setstacksize=yes
ac_cv_func_readdir_r=yes
ac_cv_func_sin=no
ac_cv_header_dlfcn_h=yes
ac_cv_header_errno_h=yes
ac_cv_header_float_h=yes
ac_cv_header_inttypes_h=yes
ac_cv_header_limits_h=yes
ac_cv_header_memory_h=yes
ac_cv_header_net_errno_h=no
ac_cv_header_stdc=yes
ac_cv_header_stdint_h=yes
ac_cv_header_stdlib_h=yes
ac_cv_header_string_h=yes
ac_cv_header_strings_h=yes
ac_cv_header_sys_param_h=yes
ac_cv_header_sys_stat_h=yes
ac_cv_header_sys_types_h=yes
ac_cv_header_sys_wait_h=yes
ac_cv_header_unistd_h=yes
ac_cv_header_values_h=yes
ac_cv_lib_dl_dlopen=yes
ac_cv_lib_ieee_main=yes
ac_cv_lib_inet_main=no
ac_cv_lib_pthread_pthread_mutex_init=yes
ac_cv_objext=o
ac_cv_path_install='/usr/bin/install -c'
ac_cv_path_tclsh=/usr/lib/../bin/tclsh8.4
ac_cv_prog_AR=ar
ac_cv_prog_CPP='gcc -E'
ac_cv_prog_ac_ct_CC=gcc
ac_cv_prog_ac_ct_RANLIB=ranlib
ac_cv_prog_cc_g=yes
ac_cv_prog_cc_stdc=
ac_cv_prog_egrep='grep -E'
ac_cv_prog_make_make_set=yes
tcl_cv_flag__isoc99_source=no
tcl_cv_flag__largefile64_source=yes
tcl_cv_struct_dirent64=no
tcl_cv_struct_stat64=yes
tcl_cv_type_64bit='long long'
tcl_cv_type_off64_t=yes

## ----------------- ##
## Output variables. ##
## ----------------- ##

AR='ar'
CC='gcc -pipe'
CFLAGS=' ${CFLAGS_DEFAULT} ${CFLAGS_WARNING} ${SHLIB_CFLAGS}'
CFLAGS_DEBUG='-g'
CFLAGS_DEFAULT='-O'
CFLAGS_OPTIMIZE='-O'
CFLAGS_WARNING='-Wall -Wconversion -Wno-implicit-int'
CLEANFILES='pkgIndex.tcl'
CPP='gcc -E'
CPPFLAGS=''
CYGPATH='echo'
DEFS='-DPACKAGE_NAME=\"xotclexpat\" -DPACKAGE_TARNAME=\"xotclexpat\" -DPACKAGE_VERSION=\"0.9\" -DPACKAGE_STRING=\"xotclexpat\ 0.9\" -DPACKAGE_BUGREPORT=\"\" -DSTDC_HEADERS=1 -DHAVE_SYS_TYPES_H=1 -DHAVE_SYS_STAT_H=1 -DHAVE_STDLIB_H=1 -DHAVE_STRING_H=1 -DHAVE_MEMORY_H=1 -DHAVE_STRINGS_H=1 -DHAVE_INTTYPES_H=1 -DHAVE_STDINT_H=1 -DHAVE_UNISTD_H=1 -D_LARGEFILE64_SOURCE=1 -DTCL_WIDE_INT_TYPE=long\ long -DHAVE_STRUCT_STAT64=1 -DHAVE_TYPE_OFF64_T=1 -DHAVE_LIMITS_H=1 -DHAVE_UNISTD_H=1 -DHAVE_SYS_PARAM_H=1 -DUSE_THREAD_ALLOC=1 -D_REENTRANT=1 -D_THREAD_SAFE=1 -DHAVE_PTHREAD_ATTR_SETSTACKSIZE=1 -DHAVE_READDIR_R=1 -DTCL_THREADS=1 -DUSE_TCL_STUBS=1 '
DL_LIBS='-ldl'
ECHO_C=''
ECHO_N='-n'
ECHO_T=''
EGREP='grep -E'
EXEEXT=''
EXTRA_CFLAGS=''
INSTALL_DATA='${INSTALL} -m 644'
INSTALL_PROGRAM='${INSTALL}'
INSTALL_SCRIPT='${INSTALL}'
LDFLAGS='-rdynamic'
LDFLAGS_DEBUG=''
LDFLAGS_DEFAULT='-rdynamic'
LDFLAGS_OPTIMIZE=''
LD_LIBRARY_PATH_VAR='LD_LIBRARY_PATH'
LIBOBJS=''
LIBS=''
LTLIBOBJS=''
MAKE_LIB='${SHLIB_LD} -o $@ $(PKG_OBJECTS) ${SHLIB_LD_FLAGS} ${SHLIB_LD_LIBS} '
MAKE_SHARED_LIB='${SHLIB_LD} -o $@ $(PKG_OBJECTS) ${SHLIB_LD_FLAGS} ${SHLIB_LD_LIBS}'
MAKE_STATIC_LIB='${STLIB_LD} $@ $(PKG_OBJECTS)'
MAKE_STUB_LIB='${STLIB_LD} $@ $(PKG_STUB_OBJECTS)'
MATH_LIBS='-lieee -lm'
OBJEXT='o'
PACKAGE_BUGREPORT=''
PACKAGE_NAME='xotclexpat'
PACKAGE_STRING='xotclexpat 0.9'
PACKAGE_TARNAME='xotclexpat'
PACKAGE_VERSION='0.9'
PATH_SEPARATOR=':'
PKG_CFLAGS=' '
PKG_HEADERS=''
PKG_INCLUDES=' -I/home/neumann/xotcl-1.2.1/generic'
PKG_LIBS=' -L/home/neumann/xotcl-1.2.1 -lxotclstub1.2.1'
PKG_LIB_FILE='libxotclexpat0.9.so'
PKG_OBJECTS=' xmltok.o unixfilemap.o xmlrole.o xmlwf.o codepage.o xmlparse.o hashtable.o tclexpat.o'
PKG_SOURCES=' xmltok.c unixfilemap.c xmlrole.c xmlwf.c codepage.c xmlparse.c hashtable.c tclexpat.c'
PKG_STUB_LIB_FILE='libxotclexpatstub0.9.a'
PKG_STUB_OBJECTS=''
PKG_STUB_SOURCES=''
PKG_TCL_SOURCES=''
RANLIB=':'
RANLIB_STUB='ranlib'
SET_MAKE=''
SHARED_BUILD='1'
SHELL='/bin/sh'
SHLIB_CFLAGS='-fPIC'
SHLIB_LD='gcc -pipe -shared'
SHLIB_LD_FLAGS=''
SHLIB_LD_LIBS='${LIBS} -L/usr/lib -ltclstub8.4'
STLIB_LD='${AR} cr'
TCLSH_PROG='/usr/lib/../bin/tclsh8.4'
TCL_BIN_DIR='/usr/lib'
TCL_DBGX=''
TCL_DEFS=' -DHAVE_UNISTD_H=1 -DHAVE_LIMITS_H=1 -DTCL_THREADS=1 -DUSE_THREAD_ALLOC=1 -D_REENTRANT=1 -D_THREAD_SAFE=1 -DHAVE_PTHREAD_ATTR_SETSTACKSIZE=1 -DHAVE_READDIR_R=1 -D_LARGEFILE64_SOURCE=1 -DTCL_WIDE_INT_TYPE=long\ long -DHAVE_STRUCT_STAT64=1 -DHAVE_TYPE_OFF64_T=1 -DHAVE_GETCWD=1 -DHAVE_OPENDIR=1 -DHAVE_STRSTR=1 -DHAVE_STRTOL=1 -DHAVE_STRTOLL=1 -DHAVE_STRTOULL=1 -DHAVE_TMPNAM=1 -DHAVE_WAITPID=1 -DHAVE_UNISTD_H=1 -DHAVE_SYS_PARAM_H=1 -DUSE_TERMIOS=1 -DHAVE_SYS_TIME_H=1 -DTIME_WITH_SYS_TIME=1 -DHAVE_TM_ZONE=1 -DHAVE_GMTIME_R=1 -DHAVE_LOCALTIME_R=1 -DHAVE_TM_GMTOFF=1 -DHAVE_TIMEZONE_VAR=1 -DHAVE_ST_BLKSIZE=1 -DSTDC_HEADERS=1 -DHAVE_SIGNED_CHAR=1 -DHAVE_LANGINFO=1 -DPEEK_XCLOSEIM=1 -DHAVE_SYS_IOCTL_H=1 '
TCL_EXTRA_CFLAGS=''
TCL_INCLUDES='-I"/usr/include"'
TCL_LD_FLAGS='-rdynamic'
TCL_LIBS='${DL_LIBS} ${LIBS} ${MATH_LIBS}'
TCL_LIB_FILE='libtcl8.4.so'
TCL_LIB_FLAG='-ltcl8.4'
TCL_LIB_SPEC='-L/usr/lib -ltcl8.4'
TCL_SHLIB_LD_LIBS='${LIBS}'
TCL_SRC_DIR='/home/neumann/tcl8.4.5'
TCL_STUB_LIB_FILE='libtclstub8.4.a'
TCL_STUB_LIB_FLAG='-ltclstub8.4'
TCL_STUB_LIB_SPEC='-L/usr/lib -ltclstub8.4'
TCL_THREADS='1'
TCL_VERSION='8.4'
XOTCL_BUILD_LIB_SPEC='-L/home/neumann/xotcl-1.2.1 -lxotcl1.2.1'
XOTCL_BUILD_STUB_LIB_SPEC='-L/home/neumann/xotcl-1.2.1 -lxotclstub1.2.1'
XOTCL_LIB_FILE='libxotcl1.2.1.so'
XOTCL_LIB_SPEC='-L/usr/lib -lxotcl1.2.1'
XOTCL_MAJOR_VERSION='1'
XOTCL_MINOR_VERSION='2'
XOTCL_RELEASE_LEVEL='.1'
XOTCL_SRC_DIR='/home/neumann/xotcl-1.2.1'
XOTCL_STUB_LIB_FILE=''
XOTCL_STUB_LIB_SPEC='-L/usr/lib -lxotclstub1.2.1'
XOTCL_VERSION='1.2'
ac_ct_CC='gcc'
ac_ct_RANLIB='ranlib'
bindir='${exec_prefix}/bin'
build_alias=''
datadir='${prefix}/share'
exec_prefix='/usr'
host_alias=''
includedir='${prefix}/include'
infodir='${prefix}/info'
libdir='${exec_prefix}/lib'
libexecdir='${exec_prefix}/libexec'
localstatedir='${prefix}/var'
mandir='${prefix}/man'
oldincludedir='/usr/include'
prefix='/usr'
program_transform_name='s,x,x,'
sbindir='${exec_prefix}/sbin'
sharedstatedir='${prefix}/com'
sysconfdir='${prefix}/etc'
target_alias=''

## ----------- ##
## confdefs.h. ##
## ----------- ##

#define HAVE_INTTYPES_H 1
#define HAVE_LIMITS_H 1
#define HAVE_MEMORY_H 1
#define HAVE_PTHREAD_ATTR_SETSTACKSIZE 1
#define HAVE_READDIR_R 1
#define HAVE_STDINT_H 1
#define HAVE_STDLIB_H 1
#define HAVE_STRINGS_H 1
#define HAVE_STRING_H 1
#define HAVE_STRUCT_STAT64 1
#define HAVE_SYS_PARAM_H 1
#define HAVE_SYS_STAT_H 1
#define HAVE_SYS_TYPES_H 1
#define HAVE_TYPE_OFF64_T 1
#define HAVE_UNISTD_H 1
#define HAVE_UNISTD_H 1
#define PACKAGE_BUGREPORT ""
#define PACKAGE_NAME "xotclexpat"
#define PACKAGE_STRING "xotclexpat 0.9"
#define PACKAGE_TARNAME "xotclexpat"
#define PACKAGE_VERSION "0.9"
#define STDC_HEADERS 1
#define TCL_THREADS 1
#define TCL_WIDE_INT_TYPE long long
#define USE_TCL_STUBS 1
#define USE_THREAD_ALLOC 1
#define _LARGEFILE64_SOURCE 1
#define _REENTRANT 1
#define _THREAD_SAFE 1

configure: exit 0
